DEBUG | 2024-04-15 12:41:57,559 | An error occurred: can only concatenate str (not "tuple") to str
DEBUG | 2024-04-15 12:42:17,367 | An error occurred: can only concatenate str (not "tuple") to str
DEBUG | 2024-04-15 12:43:48,615 | new client joined
DEBUG | 2024-04-15 12:43:48,615 | ('127.0.0.1', 52783)
DEBUG | 2024-04-15 12:43:56,514 | new client joined
DEBUG | 2024-04-15 12:43:56,514 | ('127.0.0.1', 52784)
DEBUG | 2024-04-15 12:43:56,514 | b'11262!\x80\x04\x95\xfb\x00\x00\x00\x00\x00\x00\x00}\x94(K\x01]\x94(K\x03\x8c\x011\x94eK\x02]\x94(K\x00\x8c\x010\x94eK\x03]\x94(K\x00h\x04eK\x04]\x94(K\x00h\x04eK\x05]\x94(K\x00h\x04eK\x06]\x94(K\x00h\x02eK\x07]\x94(K\x00h\x04eK\x08]\x94(K\x00h\x02eK\t]\x94(K\x00h\x04eK\n]\x94(K\x00h\x04eK\x0b]\x94(K\x00h\x04eK\x0c]\x94(K\x00\x8c\x012\x94eK\r]\x94(K\x00h\x02eK\x0e]\x94(K\x00h\x04eK\x0f]\x94(K\x00h\x04eK\x10]\x94(K\x00h\x04eK\x11]\x94(K\x00h\x0feK\x12]\x94(K\x00h\x04eK\x13]\x94(K\x00h\x0feK\x14]\x94(K\x00h\x04eK\x15]\x94(K\x00h\x04eK\x16]\x94(K\x00h\x04eK\x17]\x94(K\x01h\x0feK\x18]\x94(K\x00h\x02eu.'
DEBUG | 2024-04-15 12:43:56,515 | b'12262!\x80\x04\x95\xfb\x00\x00\x00\x00\x00\x00\x00}\x94(K\x01]\x94(K\x03\x8c\x011\x94eK\x02]\x94(K\x00\x8c\x010\x94eK\x03]\x94(K\x00h\x04eK\x04]\x94(K\x00h\x04eK\x05]\x94(K\x00h\x04eK\x06]\x94(K\x00h\x02eK\x07]\x94(K\x00h\x04eK\x08]\x94(K\x00h\x02eK\t]\x94(K\x00h\x04eK\n]\x94(K\x00h\x04eK\x0b]\x94(K\x00h\x04eK\x0c]\x94(K\x00\x8c\x012\x94eK\r]\x94(K\x00h\x02eK\x0e]\x94(K\x00h\x04eK\x0f]\x94(K\x00h\x04eK\x10]\x94(K\x00h\x04eK\x11]\x94(K\x00h\x0feK\x12]\x94(K\x00h\x04eK\x13]\x94(K\x00h\x0feK\x14]\x94(K\x00h\x04eK\x15]\x94(K\x00h\x04eK\x16]\x94(K\x00h\x04eK\x17]\x94(K\x01h\x0feK\x18]\x94(K\x00h\x02eu.'
DEBUG | 2024-04-15 12:43:56,515 | b'20262!\x80\x04\x95\xfb\x00\x00\x00\x00\x00\x00\x00}\x94(K\x01]\x94(K\x03\x8c\x011\x94eK\x02]\x94(K\x00\x8c\x010\x94eK\x03]\x94(K\x00h\x04eK\x04]\x94(K\x00h\x04eK\x05]\x94(K\x00h\x04eK\x06]\x94(K\x00h\x02eK\x07]\x94(K\x00h\x04eK\x08]\x94(K\x00h\x02eK\t]\x94(K\x00h\x04eK\n]\x94(K\x00h\x04eK\x0b]\x94(K\x00h\x04eK\x0c]\x94(K\x00\x8c\x012\x94eK\r]\x94(K\x00h\x02eK\x0e]\x94(K\x00h\x04eK\x0f]\x94(K\x00h\x04eK\x10]\x94(K\x00h\x04eK\x11]\x94(K\x00h\x0feK\x12]\x94(K\x00h\x04eK\x13]\x94(K\x00h\x0feK\x14]\x94(K\x00h\x04eK\x15]\x94(K\x00h\x04eK\x16]\x94(K\x00h\x04eK\x17]\x94(K\x01h\x0feK\x18]\x94(K\x00h\x02eu.'
DEBUG | 2024-04-15 12:43:56,515 | color1
DEBUG | 2024-04-15 12:44:28,396 | An error occurred: can only concatenate str (not "dict") to str
DEBUG | 2024-04-15 12:45:47,740 | new client joined
DEBUG | 2024-04-15 12:45:47,741 | ('127.0.0.1', 52789)
DEBUG | 2024-04-15 12:45:49,848 | new client joined
DEBUG | 2024-04-15 12:45:49,848 | ('127.0.0.1', 52790)
DEBUG | 2024-04-15 12:45:49,848 | b'11262!\x80\x04\x95\xfb\x00\x00\x00\x00\x00\x00\x00}\x94(K\x01]\x94(K\x03\x8c\x011\x94eK\x02]\x94(K\x00\x8c\x010\x94eK\x03]\x94(K\x00h\x04eK\x04]\x94(K\x00h\x04eK\x05]\x94(K\x00h\x04eK\x06]\x94(K\x00h\x02eK\x07]\x94(K\x00h\x04eK\x08]\x94(K\x00h\x02eK\t]\x94(K\x00h\x04eK\n]\x94(K\x00h\x04eK\x0b]\x94(K\x00h\x04eK\x0c]\x94(K\x00\x8c\x012\x94eK\r]\x94(K\x00h\x02eK\x0e]\x94(K\x00h\x04eK\x0f]\x94(K\x00h\x04eK\x10]\x94(K\x00h\x04eK\x11]\x94(K\x00h\x0feK\x12]\x94(K\x00h\x04eK\x13]\x94(K\x00h\x0feK\x14]\x94(K\x00h\x04eK\x15]\x94(K\x00h\x04eK\x16]\x94(K\x00h\x04eK\x17]\x94(K\x01h\x0feK\x18]\x94(K\x00h\x02eu.'
DEBUG | 2024-04-15 12:45:49,848 | b'12262!\x80\x04\x95\xfb\x00\x00\x00\x00\x00\x00\x00}\x94(K\x01]\x94(K\x03\x8c\x011\x94eK\x02]\x94(K\x00\x8c\x010\x94eK\x03]\x94(K\x00h\x04eK\x04]\x94(K\x00h\x04eK\x05]\x94(K\x00h\x04eK\x06]\x94(K\x00h\x02eK\x07]\x94(K\x00h\x04eK\x08]\x94(K\x00h\x02eK\t]\x94(K\x00h\x04eK\n]\x94(K\x00h\x04eK\x0b]\x94(K\x00h\x04eK\x0c]\x94(K\x00\x8c\x012\x94eK\r]\x94(K\x00h\x02eK\x0e]\x94(K\x00h\x04eK\x0f]\x94(K\x00h\x04eK\x10]\x94(K\x00h\x04eK\x11]\x94(K\x00h\x0feK\x12]\x94(K\x00h\x04eK\x13]\x94(K\x00h\x0feK\x14]\x94(K\x00h\x04eK\x15]\x94(K\x00h\x04eK\x16]\x94(K\x00h\x04eK\x17]\x94(K\x01h\x0feK\x18]\x94(K\x00h\x02eu.'
DEBUG | 2024-04-15 12:45:49,848 | b'20262!\x80\x04\x95\xfb\x00\x00\x00\x00\x00\x00\x00}\x94(K\x01]\x94(K\x03\x8c\x011\x94eK\x02]\x94(K\x00\x8c\x010\x94eK\x03]\x94(K\x00h\x04eK\x04]\x94(K\x00h\x04eK\x05]\x94(K\x00h\x04eK\x06]\x94(K\x00h\x02eK\x07]\x94(K\x00h\x04eK\x08]\x94(K\x00h\x02eK\t]\x94(K\x00h\x04eK\n]\x94(K\x00h\x04eK\x0b]\x94(K\x00h\x04eK\x0c]\x94(K\x00\x8c\x012\x94eK\r]\x94(K\x00h\x02eK\x0e]\x94(K\x00h\x04eK\x0f]\x94(K\x00h\x04eK\x10]\x94(K\x00h\x04eK\x11]\x94(K\x00h\x0feK\x12]\x94(K\x00h\x04eK\x13]\x94(K\x00h\x0feK\x14]\x94(K\x00h\x04eK\x15]\x94(K\x00h\x04eK\x16]\x94(K\x00h\x04eK\x17]\x94(K\x01h\x0feK\x18]\x94(K\x00h\x02eu.'
DEBUG | 2024-04-15 12:46:05,668 | received: 20 from client
DEBUG | 2024-04-15 12:46:05,669 | b'20262!\x80\x04\x95\xfb\x00\x00\x00\x00\x00\x00\x00}\x94(K\x01]\x94(K\x02\x8c\x011\x94eK\x02]\x94(K\x00\x8c\x010\x94eK\x03]\x94(K\x00h\x04eK\x04]\x94(K\x00h\x04eK\x05]\x94(K\x00h\x04eK\x06]\x94(K\x00h\x02eK\x07]\x94(K\x00h\x04eK\x08]\x94(K\x00h\x02eK\t]\x94(K\x00h\x04eK\n]\x94(K\x00h\x04eK\x0b]\x94(K\x00h\x04eK\x0c]\x94(K\x00\x8c\x012\x94eK\r]\x94(K\x00h\x02eK\x0e]\x94(K\x00h\x04eK\x0f]\x94(K\x00h\x04eK\x10]\x94(K\x00h\x04eK\x11]\x94(K\x00h\x0feK\x12]\x94(K\x00h\x04eK\x13]\x94(K\x00h\x0feK\x14]\x94(K\x00h\x04eK\x15]\x94(K\x00h\x04eK\x16]\x94(K\x00h\x04eK\x17]\x94(K\x01h\x0feK\x18]\x94(K\x00h\x02eu.'
DEBUG | 2024-04-15 12:46:20,383 | received: 20 from client
DEBUG | 2024-04-15 12:46:20,383 | GAME OVER
DEBUG | 2024-04-15 12:46:20,383 | send function: 32
DEBUG | 2024-04-15 12:46:20,384 | send function: 32
DEBUG | 2024-04-15 12:46:41,805 | new client joined
DEBUG | 2024-04-15 12:46:41,805 | ('127.0.0.1', 52793)
DEBUG | 2024-04-15 12:46:43,921 | new client joined
DEBUG | 2024-04-15 12:46:43,921 | ('127.0.0.1', 52794)
DEBUG | 2024-04-15 12:46:43,922 | b'11262!\x80\x04\x95\xfb\x00\x00\x00\x00\x00\x00\x00}\x94(K\x01]\x94(K\x03\x8c\x011\x94eK\x02]\x94(K\x00\x8c\x010\x94eK\x03]\x94(K\x00h\x04eK\x04]\x94(K\x00h\x04eK\x05]\x94(K\x00h\x04eK\x06]\x94(K\x00h\x02eK\x07]\x94(K\x00h\x04eK\x08]\x94(K\x00h\x02eK\t]\x94(K\x00h\x04eK\n]\x94(K\x00h\x04eK\x0b]\x94(K\x00h\x04eK\x0c]\x94(K\x00\x8c\x012\x94eK\r]\x94(K\x00h\x02eK\x0e]\x94(K\x00h\x04eK\x0f]\x94(K\x00h\x04eK\x10]\x94(K\x00h\x04eK\x11]\x94(K\x00h\x0feK\x12]\x94(K\x00h\x04eK\x13]\x94(K\x00h\x0feK\x14]\x94(K\x00h\x04eK\x15]\x94(K\x00h\x04eK\x16]\x94(K\x00h\x04eK\x17]\x94(K\x01h\x0feK\x18]\x94(K\x00h\x02eu.'
DEBUG | 2024-04-15 12:46:43,922 | b'12262!\x80\x04\x95\xfb\x00\x00\x00\x00\x00\x00\x00}\x94(K\x01]\x94(K\x03\x8c\x011\x94eK\x02]\x94(K\x00\x8c\x010\x94eK\x03]\x94(K\x00h\x04eK\x04]\x94(K\x00h\x04eK\x05]\x94(K\x00h\x04eK\x06]\x94(K\x00h\x02eK\x07]\x94(K\x00h\x04eK\x08]\x94(K\x00h\x02eK\t]\x94(K\x00h\x04eK\n]\x94(K\x00h\x04eK\x0b]\x94(K\x00h\x04eK\x0c]\x94(K\x00\x8c\x012\x94eK\r]\x94(K\x00h\x02eK\x0e]\x94(K\x00h\x04eK\x0f]\x94(K\x00h\x04eK\x10]\x94(K\x00h\x04eK\x11]\x94(K\x00h\x0feK\x12]\x94(K\x00h\x04eK\x13]\x94(K\x00h\x0feK\x14]\x94(K\x00h\x04eK\x15]\x94(K\x00h\x04eK\x16]\x94(K\x00h\x04eK\x17]\x94(K\x01h\x0feK\x18]\x94(K\x00h\x02eu.'
DEBUG | 2024-04-15 12:46:43,922 | b'20262!\x80\x04\x95\xfb\x00\x00\x00\x00\x00\x00\x00}\x94(K\x01]\x94(K\x03\x8c\x011\x94eK\x02]\x94(K\x00\x8c\x010\x94eK\x03]\x94(K\x00h\x04eK\x04]\x94(K\x00h\x04eK\x05]\x94(K\x00h\x04eK\x06]\x94(K\x00h\x02eK\x07]\x94(K\x00h\x04eK\x08]\x94(K\x00h\x02eK\t]\x94(K\x00h\x04eK\n]\x94(K\x00h\x04eK\x0b]\x94(K\x00h\x04eK\x0c]\x94(K\x00\x8c\x012\x94eK\r]\x94(K\x00h\x02eK\x0e]\x94(K\x00h\x04eK\x0f]\x94(K\x00h\x04eK\x10]\x94(K\x00h\x04eK\x11]\x94(K\x00h\x0feK\x12]\x94(K\x00h\x04eK\x13]\x94(K\x00h\x0feK\x14]\x94(K\x00h\x04eK\x15]\x94(K\x00h\x04eK\x16]\x94(K\x00h\x04eK\x17]\x94(K\x01h\x0feK\x18]\x94(K\x00h\x02eu.'
DEBUG | 2024-04-15 12:46:57,479 | received: 20 from client
DEBUG | 2024-04-15 12:46:57,480 | b'20262!\x80\x04\x95\xfb\x00\x00\x00\x00\x00\x00\x00}\x94(K\x01]\x94(K\x02\x8c\x011\x94eK\x02]\x94(K\x00\x8c\x010\x94eK\x03]\x94(K\x00h\x04eK\x04]\x94(K\x00h\x04eK\x05]\x94(K\x00h\x04eK\x06]\x94(K\x00h\x02eK\x07]\x94(K\x00h\x04eK\x08]\x94(K\x00h\x02eK\t]\x94(K\x00h\x04eK\n]\x94(K\x00h\x04eK\x0b]\x94(K\x00h\x04eK\x0c]\x94(K\x00\x8c\x012\x94eK\r]\x94(K\x00h\x02eK\x0e]\x94(K\x00h\x04eK\x0f]\x94(K\x00h\x04eK\x10]\x94(K\x00h\x04eK\x11]\x94(K\x00h\x0feK\x12]\x94(K\x00h\x04eK\x13]\x94(K\x00h\x0feK\x14]\x94(K\x00h\x04eK\x15]\x94(K\x00h\x04eK\x16]\x94(K\x00h\x04eK\x17]\x94(K\x01h\x0feK\x18]\x94(K\x00h\x02eu.'
DEBUG | 2024-04-15 12:46:57,480 | Socket error occurred: [WinError 10053] An established connection was aborted by the software in your host machine
DEBUG | 2024-04-15 12:46:57,480 | GAME OVER
DEBUG | 2024-04-15 12:46:57,480 | send function: 30
DEBUG | 2024-04-15 12:46:57,480 | socket is close
DEBUG | 2024-04-15 12:50:23,562 | new client joined
DEBUG | 2024-04-15 12:50:23,563 | ('127.0.0.1', 52806)
DEBUG | 2024-04-15 12:50:26,500 | new client joined
DEBUG | 2024-04-15 12:50:26,500 | ('127.0.0.1', 52809)
DEBUG | 2024-04-15 12:50:26,500 | b'11262!\x80\x04\x95\xfb\x00\x00\x00\x00\x00\x00\x00}\x94(K\x01]\x94(K\x03\x8c\x011\x94eK\x02]\x94(K\x00\x8c\x010\x94eK\x03]\x94(K\x00h\x04eK\x04]\x94(K\x00h\x04eK\x05]\x94(K\x00h\x04eK\x06]\x94(K\x00h\x02eK\x07]\x94(K\x00h\x04eK\x08]\x94(K\x00h\x02eK\t]\x94(K\x00h\x04eK\n]\x94(K\x00h\x04eK\x0b]\x94(K\x00h\x04eK\x0c]\x94(K\x00\x8c\x012\x94eK\r]\x94(K\x00h\x02eK\x0e]\x94(K\x00h\x04eK\x0f]\x94(K\x00h\x04eK\x10]\x94(K\x00h\x04eK\x11]\x94(K\x00h\x0feK\x12]\x94(K\x00h\x04eK\x13]\x94(K\x00h\x0feK\x14]\x94(K\x00h\x04eK\x15]\x94(K\x00h\x04eK\x16]\x94(K\x00h\x04eK\x17]\x94(K\x01h\x0feK\x18]\x94(K\x00h\x02eu.'
DEBUG | 2024-04-15 12:50:26,501 | b'12262!\x80\x04\x95\xfb\x00\x00\x00\x00\x00\x00\x00}\x94(K\x01]\x94(K\x03\x8c\x011\x94eK\x02]\x94(K\x00\x8c\x010\x94eK\x03]\x94(K\x00h\x04eK\x04]\x94(K\x00h\x04eK\x05]\x94(K\x00h\x04eK\x06]\x94(K\x00h\x02eK\x07]\x94(K\x00h\x04eK\x08]\x94(K\x00h\x02eK\t]\x94(K\x00h\x04eK\n]\x94(K\x00h\x04eK\x0b]\x94(K\x00h\x04eK\x0c]\x94(K\x00\x8c\x012\x94eK\r]\x94(K\x00h\x02eK\x0e]\x94(K\x00h\x04eK\x0f]\x94(K\x00h\x04eK\x10]\x94(K\x00h\x04eK\x11]\x94(K\x00h\x0feK\x12]\x94(K\x00h\x04eK\x13]\x94(K\x00h\x0feK\x14]\x94(K\x00h\x04eK\x15]\x94(K\x00h\x04eK\x16]\x94(K\x00h\x04eK\x17]\x94(K\x01h\x0feK\x18]\x94(K\x00h\x02eu.'
DEBUG | 2024-04-15 12:50:26,501 | b'20262!\x80\x04\x95\xfb\x00\x00\x00\x00\x00\x00\x00}\x94(K\x01]\x94(K\x03\x8c\x011\x94eK\x02]\x94(K\x00\x8c\x010\x94eK\x03]\x94(K\x00h\x04eK\x04]\x94(K\x00h\x04eK\x05]\x94(K\x00h\x04eK\x06]\x94(K\x00h\x02eK\x07]\x94(K\x00h\x04eK\x08]\x94(K\x00h\x02eK\t]\x94(K\x00h\x04eK\n]\x94(K\x00h\x04eK\x0b]\x94(K\x00h\x04eK\x0c]\x94(K\x00\x8c\x012\x94eK\r]\x94(K\x00h\x02eK\x0e]\x94(K\x00h\x04eK\x0f]\x94(K\x00h\x04eK\x10]\x94(K\x00h\x04eK\x11]\x94(K\x00h\x0feK\x12]\x94(K\x00h\x04eK\x13]\x94(K\x00h\x0feK\x14]\x94(K\x00h\x04eK\x15]\x94(K\x00h\x04eK\x16]\x94(K\x00h\x04eK\x17]\x94(K\x01h\x0feK\x18]\x94(K\x00h\x02eu.'
DEBUG | 2024-04-15 12:50:31,880 | received: 20 from client
DEBUG | 2024-04-15 12:50:31,880 | b'20262!\x80\x04\x95\xfb\x00\x00\x00\x00\x00\x00\x00}\x94(K\x01]\x94(K\x02\x8c\x011\x94eK\x02]\x94(K\x00\x8c\x010\x94eK\x03]\x94(K\x00h\x04eK\x04]\x94(K\x00h\x04eK\x05]\x94(K\x00h\x04eK\x06]\x94(K\x00h\x02eK\x07]\x94(K\x00h\x04eK\x08]\x94(K\x00h\x02eK\t]\x94(K\x00h\x04eK\n]\x94(K\x00h\x04eK\x0b]\x94(K\x00h\x04eK\x0c]\x94(K\x00\x8c\x012\x94eK\r]\x94(K\x00h\x02eK\x0e]\x94(K\x00h\x04eK\x0f]\x94(K\x00h\x04eK\x10]\x94(K\x00h\x04eK\x11]\x94(K\x00h\x0feK\x12]\x94(K\x00h\x04eK\x13]\x94(K\x00h\x0feK\x14]\x94(K\x00h\x04eK\x15]\x94(K\x00h\x04eK\x16]\x94(K\x00h\x04eK\x17]\x94(K\x01h\x0feK\x18]\x94(K\x00h\x02eu.'
DEBUG | 2024-04-15 12:50:41,352 | received: 20 from client
DEBUG | 2024-04-15 12:50:41,353 | b'20262!\x80\x04\x95\xfb\x00\x00\x00\x00\x00\x00\x00}\x94(K\x01]\x94(K\x02\x8c\x011\x94eK\x02]\x94(K\x00\x8c\x010\x94eK\x03]\x94(K\x00h\x04eK\x04]\x94(K\x00h\x04eK\x05]\x94(K\x00h\x04eK\x06]\x94(K\x00h\x02eK\x07]\x94(K\x00h\x04eK\x08]\x94(K\x00h\x02eK\t]\x94(K\x00h\x04eK\n]\x94(K\x00h\x04eK\x0b]\x94(K\x00h\x04eK\x0c]\x94(K\x00\x8c\x012\x94eK\r]\x94(K\x00h\x02eK\x0e]\x94(K\x00h\x04eK\x0f]\x94(K\x00h\x04eK\x10]\x94(K\x00h\x04eK\x11]\x94(K\x00h\x0feK\x12]\x94(K\x00h\x04eK\x13]\x94(K\x00h\x0feK\x14]\x94(K\x00h\x04eK\x15]\x94(K\x00h\x04eK\x16]\x94(K\x00h\x04eK\x17]\x94(K\x00h\x04eK\x18]\x94(K\x01h\x0feu.'
DEBUG | 2024-04-15 12:50:41,353 | Socket error occurred: [WinError 10053] An established connection was aborted by the software in your host machine
DEBUG | 2024-04-15 12:50:41,353 | GAME OVER
DEBUG | 2024-04-15 12:50:41,353 | socket is close
DEBUG | 2024-04-15 12:52:17,785 | new client joined
DEBUG | 2024-04-15 12:52:17,785 | ('127.0.0.1', 52817)
DEBUG | 2024-04-15 12:52:20,014 | new client joined
DEBUG | 2024-04-15 12:52:20,015 | ('127.0.0.1', 52818)
DEBUG | 2024-04-15 12:52:20,015 | b'11262!\x80\x04\x95\xfb\x00\x00\x00\x00\x00\x00\x00}\x94(K\x01]\x94(K\x03\x8c\x011\x94eK\x02]\x94(K\x00\x8c\x010\x94eK\x03]\x94(K\x00h\x04eK\x04]\x94(K\x00h\x04eK\x05]\x94(K\x00h\x04eK\x06]\x94(K\x00h\x02eK\x07]\x94(K\x00h\x04eK\x08]\x94(K\x00h\x02eK\t]\x94(K\x00h\x04eK\n]\x94(K\x00h\x04eK\x0b]\x94(K\x00h\x04eK\x0c]\x94(K\x00\x8c\x012\x94eK\r]\x94(K\x00h\x02eK\x0e]\x94(K\x00h\x04eK\x0f]\x94(K\x00h\x04eK\x10]\x94(K\x00h\x04eK\x11]\x94(K\x00h\x0feK\x12]\x94(K\x00h\x04eK\x13]\x94(K\x00h\x0feK\x14]\x94(K\x00h\x04eK\x15]\x94(K\x00h\x04eK\x16]\x94(K\x00h\x04eK\x17]\x94(K\x01h\x0feK\x18]\x94(K\x00h\x02eu.'
DEBUG | 2024-04-15 12:52:20,015 | b'12262!\x80\x04\x95\xfb\x00\x00\x00\x00\x00\x00\x00}\x94(K\x01]\x94(K\x03\x8c\x011\x94eK\x02]\x94(K\x00\x8c\x010\x94eK\x03]\x94(K\x00h\x04eK\x04]\x94(K\x00h\x04eK\x05]\x94(K\x00h\x04eK\x06]\x94(K\x00h\x02eK\x07]\x94(K\x00h\x04eK\x08]\x94(K\x00h\x02eK\t]\x94(K\x00h\x04eK\n]\x94(K\x00h\x04eK\x0b]\x94(K\x00h\x04eK\x0c]\x94(K\x00\x8c\x012\x94eK\r]\x94(K\x00h\x02eK\x0e]\x94(K\x00h\x04eK\x0f]\x94(K\x00h\x04eK\x10]\x94(K\x00h\x04eK\x11]\x94(K\x00h\x0feK\x12]\x94(K\x00h\x04eK\x13]\x94(K\x00h\x0feK\x14]\x94(K\x00h\x04eK\x15]\x94(K\x00h\x04eK\x16]\x94(K\x00h\x04eK\x17]\x94(K\x01h\x0feK\x18]\x94(K\x00h\x02eu.'
DEBUG | 2024-04-15 12:52:20,015 | b'20262!\x80\x04\x95\xfb\x00\x00\x00\x00\x00\x00\x00}\x94(K\x01]\x94(K\x03\x8c\x011\x94eK\x02]\x94(K\x00\x8c\x010\x94eK\x03]\x94(K\x00h\x04eK\x04]\x94(K\x00h\x04eK\x05]\x94(K\x00h\x04eK\x06]\x94(K\x00h\x02eK\x07]\x94(K\x00h\x04eK\x08]\x94(K\x00h\x02eK\t]\x94(K\x00h\x04eK\n]\x94(K\x00h\x04eK\x0b]\x94(K\x00h\x04eK\x0c]\x94(K\x00\x8c\x012\x94eK\r]\x94(K\x00h\x02eK\x0e]\x94(K\x00h\x04eK\x0f]\x94(K\x00h\x04eK\x10]\x94(K\x00h\x04eK\x11]\x94(K\x00h\x0feK\x12]\x94(K\x00h\x04eK\x13]\x94(K\x00h\x0feK\x14]\x94(K\x00h\x04eK\x15]\x94(K\x00h\x04eK\x16]\x94(K\x00h\x04eK\x17]\x94(K\x01h\x0feK\x18]\x94(K\x00h\x02eu.'
DEBUG | 2024-04-15 12:52:24,332 | received: 20 from client
DEBUG | 2024-04-15 12:52:24,333 | b'20262!\x80\x04\x95\xfb\x00\x00\x00\x00\x00\x00\x00}\x94(K\x01]\x94(K\x02\x8c\x011\x94eK\x02]\x94(K\x00\x8c\x010\x94eK\x03]\x94(K\x00h\x04eK\x04]\x94(K\x00h\x04eK\x05]\x94(K\x00h\x04eK\x06]\x94(K\x00h\x02eK\x07]\x94(K\x00h\x04eK\x08]\x94(K\x00h\x02eK\t]\x94(K\x00h\x04eK\n]\x94(K\x00h\x04eK\x0b]\x94(K\x00h\x04eK\x0c]\x94(K\x00\x8c\x012\x94eK\r]\x94(K\x00h\x02eK\x0e]\x94(K\x00h\x04eK\x0f]\x94(K\x00h\x04eK\x10]\x94(K\x00h\x04eK\x11]\x94(K\x00h\x0feK\x12]\x94(K\x00h\x04eK\x13]\x94(K\x00h\x0feK\x14]\x94(K\x00h\x04eK\x15]\x94(K\x00h\x04eK\x16]\x94(K\x00h\x04eK\x17]\x94(K\x01h\x0feK\x18]\x94(K\x00h\x02eu.'
DEBUG | 2024-04-15 12:52:29,241 | received: 20 from client
DEBUG | 2024-04-15 12:52:29,241 | GAME OVER
DEBUG | 2024-04-15 12:52:29,241 | send function: 32
DEBUG | 2024-04-15 12:52:29,241 | send function: 32
DEBUG | 2024-04-15 12:52:43,229 | new client joined
DEBUG | 2024-04-15 12:52:43,229 | ('127.0.0.1', 52828)
DEBUG | 2024-04-15 12:52:45,238 | new client joined
DEBUG | 2024-04-15 12:52:45,238 | ('127.0.0.1', 52829)
DEBUG | 2024-04-15 12:52:45,238 | b'11262!\x80\x04\x95\xfb\x00\x00\x00\x00\x00\x00\x00}\x94(K\x01]\x94(K\x03\x8c\x011\x94eK\x02]\x94(K\x00\x8c\x010\x94eK\x03]\x94(K\x00h\x04eK\x04]\x94(K\x00h\x04eK\x05]\x94(K\x00h\x04eK\x06]\x94(K\x00h\x02eK\x07]\x94(K\x00h\x04eK\x08]\x94(K\x00h\x02eK\t]\x94(K\x00h\x04eK\n]\x94(K\x00h\x04eK\x0b]\x94(K\x00h\x04eK\x0c]\x94(K\x00\x8c\x012\x94eK\r]\x94(K\x00h\x02eK\x0e]\x94(K\x00h\x04eK\x0f]\x94(K\x00h\x04eK\x10]\x94(K\x00h\x04eK\x11]\x94(K\x00h\x0feK\x12]\x94(K\x00h\x04eK\x13]\x94(K\x00h\x0feK\x14]\x94(K\x00h\x04eK\x15]\x94(K\x00h\x04eK\x16]\x94(K\x00h\x04eK\x17]\x94(K\x01h\x0feK\x18]\x94(K\x00h\x02eu.'
DEBUG | 2024-04-15 12:52:45,239 | b'12262!\x80\x04\x95\xfb\x00\x00\x00\x00\x00\x00\x00}\x94(K\x01]\x94(K\x03\x8c\x011\x94eK\x02]\x94(K\x00\x8c\x010\x94eK\x03]\x94(K\x00h\x04eK\x04]\x94(K\x00h\x04eK\x05]\x94(K\x00h\x04eK\x06]\x94(K\x00h\x02eK\x07]\x94(K\x00h\x04eK\x08]\x94(K\x00h\x02eK\t]\x94(K\x00h\x04eK\n]\x94(K\x00h\x04eK\x0b]\x94(K\x00h\x04eK\x0c]\x94(K\x00\x8c\x012\x94eK\r]\x94(K\x00h\x02eK\x0e]\x94(K\x00h\x04eK\x0f]\x94(K\x00h\x04eK\x10]\x94(K\x00h\x04eK\x11]\x94(K\x00h\x0feK\x12]\x94(K\x00h\x04eK\x13]\x94(K\x00h\x0feK\x14]\x94(K\x00h\x04eK\x15]\x94(K\x00h\x04eK\x16]\x94(K\x00h\x04eK\x17]\x94(K\x01h\x0feK\x18]\x94(K\x00h\x02eu.'
DEBUG | 2024-04-15 12:52:45,239 | b'20262!\x80\x04\x95\xfb\x00\x00\x00\x00\x00\x00\x00}\x94(K\x01]\x94(K\x03\x8c\x011\x94eK\x02]\x94(K\x00\x8c\x010\x94eK\x03]\x94(K\x00h\x04eK\x04]\x94(K\x00h\x04eK\x05]\x94(K\x00h\x04eK\x06]\x94(K\x00h\x02eK\x07]\x94(K\x00h\x04eK\x08]\x94(K\x00h\x02eK\t]\x94(K\x00h\x04eK\n]\x94(K\x00h\x04eK\x0b]\x94(K\x00h\x04eK\x0c]\x94(K\x00\x8c\x012\x94eK\r]\x94(K\x00h\x02eK\x0e]\x94(K\x00h\x04eK\x0f]\x94(K\x00h\x04eK\x10]\x94(K\x00h\x04eK\x11]\x94(K\x00h\x0feK\x12]\x94(K\x00h\x04eK\x13]\x94(K\x00h\x0feK\x14]\x94(K\x00h\x04eK\x15]\x94(K\x00h\x04eK\x16]\x94(K\x00h\x04eK\x17]\x94(K\x01h\x0feK\x18]\x94(K\x00h\x02eu.'
DEBUG | 2024-04-15 12:52:55,721 | received: 20 from client
DEBUG | 2024-04-15 12:52:55,721 | b'20262!\x80\x04\x95\xfb\x00\x00\x00\x00\x00\x00\x00}\x94(K\x01]\x94(K\x02\x8c\x011\x94eK\x02]\x94(K\x00\x8c\x010\x94eK\x03]\x94(K\x00h\x04eK\x04]\x94(K\x00h\x04eK\x05]\x94(K\x00h\x04eK\x06]\x94(K\x00h\x02eK\x07]\x94(K\x00h\x04eK\x08]\x94(K\x00h\x02eK\t]\x94(K\x00h\x04eK\n]\x94(K\x00h\x04eK\x0b]\x94(K\x00h\x04eK\x0c]\x94(K\x00\x8c\x012\x94eK\r]\x94(K\x00h\x02eK\x0e]\x94(K\x00h\x04eK\x0f]\x94(K\x00h\x04eK\x10]\x94(K\x00h\x04eK\x11]\x94(K\x00h\x0feK\x12]\x94(K\x00h\x04eK\x13]\x94(K\x00h\x0feK\x14]\x94(K\x00h\x04eK\x15]\x94(K\x00h\x04eK\x16]\x94(K\x00h\x04eK\x17]\x94(K\x01h\x0feK\x18]\x94(K\x00h\x02eu.'
DEBUG | 2024-04-15 12:52:55,721 | Socket error occurred: [WinError 10053] An established connection was aborted by the software in your host machine
DEBUG | 2024-04-15 12:52:55,722 | GAME OVER
DEBUG | 2024-04-15 12:52:55,722 | send function: 30
DEBUG | 2024-04-15 12:52:55,722 | socket is close
DEBUG | 2024-04-15 12:53:26,042 | new client joined
DEBUG | 2024-04-15 12:53:26,042 | ('127.0.0.1', 52834)
DEBUG | 2024-04-15 12:53:27,865 | new client joined
DEBUG | 2024-04-15 12:53:27,865 | ('127.0.0.1', 52835)
DEBUG | 2024-04-15 12:53:27,865 | b'11262!\x80\x04\x95\xfb\x00\x00\x00\x00\x00\x00\x00}\x94(K\x01]\x94(K\x03\x8c\x011\x94eK\x02]\x94(K\x00\x8c\x010\x94eK\x03]\x94(K\x00h\x04eK\x04]\x94(K\x00h\x04eK\x05]\x94(K\x00h\x04eK\x06]\x94(K\x00h\x02eK\x07]\x94(K\x00h\x04eK\x08]\x94(K\x00h\x02eK\t]\x94(K\x00h\x04eK\n]\x94(K\x00h\x04eK\x0b]\x94(K\x00h\x04eK\x0c]\x94(K\x00\x8c\x012\x94eK\r]\x94(K\x00h\x02eK\x0e]\x94(K\x00h\x04eK\x0f]\x94(K\x00h\x04eK\x10]\x94(K\x00h\x04eK\x11]\x94(K\x00h\x0feK\x12]\x94(K\x00h\x04eK\x13]\x94(K\x00h\x0feK\x14]\x94(K\x00h\x04eK\x15]\x94(K\x00h\x04eK\x16]\x94(K\x00h\x04eK\x17]\x94(K\x02h\x0feK\x18]\x94(K\x00h\x02eu.'
DEBUG | 2024-04-15 12:53:27,865 | b'12262!\x80\x04\x95\xfb\x00\x00\x00\x00\x00\x00\x00}\x94(K\x01]\x94(K\x03\x8c\x011\x94eK\x02]\x94(K\x00\x8c\x010\x94eK\x03]\x94(K\x00h\x04eK\x04]\x94(K\x00h\x04eK\x05]\x94(K\x00h\x04eK\x06]\x94(K\x00h\x02eK\x07]\x94(K\x00h\x04eK\x08]\x94(K\x00h\x02eK\t]\x94(K\x00h\x04eK\n]\x94(K\x00h\x04eK\x0b]\x94(K\x00h\x04eK\x0c]\x94(K\x00\x8c\x012\x94eK\r]\x94(K\x00h\x02eK\x0e]\x94(K\x00h\x04eK\x0f]\x94(K\x00h\x04eK\x10]\x94(K\x00h\x04eK\x11]\x94(K\x00h\x0feK\x12]\x94(K\x00h\x04eK\x13]\x94(K\x00h\x0feK\x14]\x94(K\x00h\x04eK\x15]\x94(K\x00h\x04eK\x16]\x94(K\x00h\x04eK\x17]\x94(K\x02h\x0feK\x18]\x94(K\x00h\x02eu.'
DEBUG | 2024-04-15 12:53:27,865 | b'20262!\x80\x04\x95\xfb\x00\x00\x00\x00\x00\x00\x00}\x94(K\x01]\x94(K\x03\x8c\x011\x94eK\x02]\x94(K\x00\x8c\x010\x94eK\x03]\x94(K\x00h\x04eK\x04]\x94(K\x00h\x04eK\x05]\x94(K\x00h\x04eK\x06]\x94(K\x00h\x02eK\x07]\x94(K\x00h\x04eK\x08]\x94(K\x00h\x02eK\t]\x94(K\x00h\x04eK\n]\x94(K\x00h\x04eK\x0b]\x94(K\x00h\x04eK\x0c]\x94(K\x00\x8c\x012\x94eK\r]\x94(K\x00h\x02eK\x0e]\x94(K\x00h\x04eK\x0f]\x94(K\x00h\x04eK\x10]\x94(K\x00h\x04eK\x11]\x94(K\x00h\x0feK\x12]\x94(K\x00h\x04eK\x13]\x94(K\x00h\x0feK\x14]\x94(K\x00h\x04eK\x15]\x94(K\x00h\x04eK\x16]\x94(K\x00h\x04eK\x17]\x94(K\x02h\x0feK\x18]\x94(K\x00h\x02eu.'
DEBUG | 2024-04-15 12:53:31,835 | received: 20 from client
DEBUG | 2024-04-15 12:53:31,835 | b'20262!\x80\x04\x95\xfb\x00\x00\x00\x00\x00\x00\x00}\x94(K\x01]\x94(K\x02\x8c\x011\x94eK\x02]\x94(K\x00\x8c\x010\x94eK\x03]\x94(K\x00h\x04eK\x04]\x94(K\x00h\x04eK\x05]\x94(K\x00h\x04eK\x06]\x94(K\x00h\x02eK\x07]\x94(K\x00h\x04eK\x08]\x94(K\x00h\x02eK\t]\x94(K\x00h\x04eK\n]\x94(K\x00h\x04eK\x0b]\x94(K\x00h\x04eK\x0c]\x94(K\x00\x8c\x012\x94eK\r]\x94(K\x00h\x02eK\x0e]\x94(K\x00h\x04eK\x0f]\x94(K\x00h\x04eK\x10]\x94(K\x00h\x04eK\x11]\x94(K\x00h\x0feK\x12]\x94(K\x00h\x04eK\x13]\x94(K\x00h\x0feK\x14]\x94(K\x00h\x04eK\x15]\x94(K\x00h\x04eK\x16]\x94(K\x00h\x04eK\x17]\x94(K\x02h\x0feK\x18]\x94(K\x00h\x02eu.'
DEBUG | 2024-04-15 12:53:49,767 | received: 20 from client
DEBUG | 2024-04-15 12:53:49,767 | b'20262!\x80\x04\x95\xfb\x00\x00\x00\x00\x00\x00\x00}\x94(K\x01]\x94(K\x02\x8c\x011\x94eK\x02]\x94(K\x00\x8c\x010\x94eK\x03]\x94(K\x00h\x04eK\x04]\x94(K\x00h\x04eK\x05]\x94(K\x00h\x04eK\x06]\x94(K\x00h\x02eK\x07]\x94(K\x00h\x04eK\x08]\x94(K\x00h\x02eK\t]\x94(K\x00h\x04eK\n]\x94(K\x00h\x04eK\x0b]\x94(K\x00h\x04eK\x0c]\x94(K\x00\x8c\x012\x94eK\r]\x94(K\x00h\x02eK\x0e]\x94(K\x00h\x04eK\x0f]\x94(K\x00h\x04eK\x10]\x94(K\x00h\x04eK\x11]\x94(K\x00h\x0feK\x12]\x94(K\x00h\x04eK\x13]\x94(K\x00h\x0feK\x14]\x94(K\x00h\x04eK\x15]\x94(K\x00h\x04eK\x16]\x94(K\x00h\x04eK\x17]\x94(K\x01h\x0feK\x18]\x94(K\x01h\x0feu.'
DEBUG | 2024-04-15 12:53:49,767 | Socket error occurred: [WinError 10053] An established connection was aborted by the software in your host machine
DEBUG | 2024-04-15 12:53:49,767 | GAME OVER
DEBUG | 2024-04-15 12:53:49,767 | socket is close
DEBUG | 2024-04-15 12:54:48,076 | new client joined
DEBUG | 2024-04-15 12:54:48,076 | ('127.0.0.1', 52854)
DEBUG | 2024-04-15 12:54:50,013 | new client joined
DEBUG | 2024-04-15 12:54:50,013 | ('127.0.0.1', 52855)
DEBUG | 2024-04-15 12:54:50,013 | b'11262!\x80\x04\x95\xfb\x00\x00\x00\x00\x00\x00\x00}\x94(K\x01]\x94(K\x03\x8c\x011\x94eK\x02]\x94(K\x00\x8c\x010\x94eK\x03]\x94(K\x00h\x04eK\x04]\x94(K\x00h\x04eK\x05]\x94(K\x00h\x04eK\x06]\x94(K\x00h\x02eK\x07]\x94(K\x00h\x04eK\x08]\x94(K\x00h\x02eK\t]\x94(K\x00h\x04eK\n]\x94(K\x00h\x04eK\x0b]\x94(K\x00h\x04eK\x0c]\x94(K\x00\x8c\x012\x94eK\r]\x94(K\x00h\x02eK\x0e]\x94(K\x00h\x04eK\x0f]\x94(K\x00h\x04eK\x10]\x94(K\x00h\x04eK\x11]\x94(K\x00h\x0feK\x12]\x94(K\x00h\x04eK\x13]\x94(K\x00h\x0feK\x14]\x94(K\x00h\x04eK\x15]\x94(K\x00h\x04eK\x16]\x94(K\x00h\x04eK\x17]\x94(K\x02h\x0feK\x18]\x94(K\x00h\x02eu.'
DEBUG | 2024-04-15 12:54:50,013 | b'12262!\x80\x04\x95\xfb\x00\x00\x00\x00\x00\x00\x00}\x94(K\x01]\x94(K\x03\x8c\x011\x94eK\x02]\x94(K\x00\x8c\x010\x94eK\x03]\x94(K\x00h\x04eK\x04]\x94(K\x00h\x04eK\x05]\x94(K\x00h\x04eK\x06]\x94(K\x00h\x02eK\x07]\x94(K\x00h\x04eK\x08]\x94(K\x00h\x02eK\t]\x94(K\x00h\x04eK\n]\x94(K\x00h\x04eK\x0b]\x94(K\x00h\x04eK\x0c]\x94(K\x00\x8c\x012\x94eK\r]\x94(K\x00h\x02eK\x0e]\x94(K\x00h\x04eK\x0f]\x94(K\x00h\x04eK\x10]\x94(K\x00h\x04eK\x11]\x94(K\x00h\x0feK\x12]\x94(K\x00h\x04eK\x13]\x94(K\x00h\x0feK\x14]\x94(K\x00h\x04eK\x15]\x94(K\x00h\x04eK\x16]\x94(K\x00h\x04eK\x17]\x94(K\x02h\x0feK\x18]\x94(K\x00h\x02eu.'
DEBUG | 2024-04-15 12:54:50,013 | b'20262!\x80\x04\x95\xfb\x00\x00\x00\x00\x00\x00\x00}\x94(K\x01]\x94(K\x03\x8c\x011\x94eK\x02]\x94(K\x00\x8c\x010\x94eK\x03]\x94(K\x00h\x04eK\x04]\x94(K\x00h\x04eK\x05]\x94(K\x00h\x04eK\x06]\x94(K\x00h\x02eK\x07]\x94(K\x00h\x04eK\x08]\x94(K\x00h\x02eK\t]\x94(K\x00h\x04eK\n]\x94(K\x00h\x04eK\x0b]\x94(K\x00h\x04eK\x0c]\x94(K\x00\x8c\x012\x94eK\r]\x94(K\x00h\x02eK\x0e]\x94(K\x00h\x04eK\x0f]\x94(K\x00h\x04eK\x10]\x94(K\x00h\x04eK\x11]\x94(K\x00h\x0feK\x12]\x94(K\x00h\x04eK\x13]\x94(K\x00h\x0feK\x14]\x94(K\x00h\x04eK\x15]\x94(K\x00h\x04eK\x16]\x94(K\x00h\x04eK\x17]\x94(K\x02h\x0feK\x18]\x94(K\x00h\x02eu.'
DEBUG | 2024-04-15 12:54:52,600 | received: 20 from client
DEBUG | 2024-04-15 12:54:52,600 | b'20262!\x80\x04\x95\xfb\x00\x00\x00\x00\x00\x00\x00}\x94(K\x01]\x94(K\x02\x8c\x011\x94eK\x02]\x94(K\x00\x8c\x010\x94eK\x03]\x94(K\x00h\x04eK\x04]\x94(K\x00h\x04eK\x05]\x94(K\x00h\x04eK\x06]\x94(K\x00h\x02eK\x07]\x94(K\x00h\x04eK\x08]\x94(K\x00h\x02eK\t]\x94(K\x00h\x04eK\n]\x94(K\x00h\x04eK\x0b]\x94(K\x00h\x04eK\x0c]\x94(K\x00\x8c\x012\x94eK\r]\x94(K\x00h\x02eK\x0e]\x94(K\x00h\x04eK\x0f]\x94(K\x00h\x04eK\x10]\x94(K\x00h\x04eK\x11]\x94(K\x00h\x0feK\x12]\x94(K\x00h\x04eK\x13]\x94(K\x00h\x0feK\x14]\x94(K\x00h\x04eK\x15]\x94(K\x00h\x04eK\x16]\x94(K\x00h\x04eK\x17]\x94(K\x02h\x0feK\x18]\x94(K\x00h\x02eu.'
DEBUG | 2024-04-15 12:54:58,935 | received: 20 from client
DEBUG | 2024-04-15 12:54:58,935 | b'20262!\x80\x04\x95\xfb\x00\x00\x00\x00\x00\x00\x00}\x94(K\x01]\x94(K\x02\x8c\x011\x94eK\x02]\x94(K\x00\x8c\x010\x94eK\x03]\x94(K\x00h\x04eK\x04]\x94(K\x00h\x04eK\x05]\x94(K\x00h\x04eK\x06]\x94(K\x00h\x02eK\x07]\x94(K\x00h\x04eK\x08]\x94(K\x00h\x02eK\t]\x94(K\x00h\x04eK\n]\x94(K\x00h\x04eK\x0b]\x94(K\x00h\x04eK\x0c]\x94(K\x00\x8c\x012\x94eK\r]\x94(K\x00h\x02eK\x0e]\x94(K\x00h\x04eK\x0f]\x94(K\x00h\x04eK\x10]\x94(K\x00h\x04eK\x11]\x94(K\x00h\x0feK\x12]\x94(K\x00h\x04eK\x13]\x94(K\x00h\x0feK\x14]\x94(K\x00h\x04eK\x15]\x94(K\x00h\x04eK\x16]\x94(K\x00h\x04eK\x17]\x94(K\x01h\x0feK\x18]\x94(K\x00h\x02eu.'
DEBUG | 2024-04-15 12:54:58,936 | Socket error occurred: [WinError 10053] An established connection was aborted by the software in your host machine
DEBUG | 2024-04-15 12:54:58,936 | GAME OVER
DEBUG | 2024-04-15 12:54:58,936 | 1
DEBUG | 2024-04-15 12:54:58,936 | socket is close
DEBUG | 2024-04-15 12:57:53,089 | new client joined
DEBUG | 2024-04-15 12:57:53,090 | ('127.0.0.1', 52899)
DEBUG | 2024-04-15 12:57:55,210 | new client joined
DEBUG | 2024-04-15 12:57:55,210 | ('127.0.0.1', 52900)
DEBUG | 2024-04-15 12:57:55,210 | b'11262!\x80\x04\x95\xfb\x00\x00\x00\x00\x00\x00\x00}\x94(K\x01]\x94(K\x03\x8c\x011\x94eK\x02]\x94(K\x00\x8c\x010\x94eK\x03]\x94(K\x00h\x04eK\x04]\x94(K\x00h\x04eK\x05]\x94(K\x00h\x04eK\x06]\x94(K\x00h\x02eK\x07]\x94(K\x00h\x04eK\x08]\x94(K\x00h\x02eK\t]\x94(K\x00h\x04eK\n]\x94(K\x00h\x04eK\x0b]\x94(K\x00h\x04eK\x0c]\x94(K\x00\x8c\x012\x94eK\r]\x94(K\x00h\x02eK\x0e]\x94(K\x00h\x04eK\x0f]\x94(K\x00h\x04eK\x10]\x94(K\x00h\x04eK\x11]\x94(K\x00h\x0feK\x12]\x94(K\x00h\x04eK\x13]\x94(K\x00h\x0feK\x14]\x94(K\x00h\x04eK\x15]\x94(K\x00h\x04eK\x16]\x94(K\x00h\x04eK\x17]\x94(K\x02h\x0feK\x18]\x94(K\x00h\x02eu.'
DEBUG | 2024-04-15 12:57:55,211 | b'12262!\x80\x04\x95\xfb\x00\x00\x00\x00\x00\x00\x00}\x94(K\x01]\x94(K\x03\x8c\x011\x94eK\x02]\x94(K\x00\x8c\x010\x94eK\x03]\x94(K\x00h\x04eK\x04]\x94(K\x00h\x04eK\x05]\x94(K\x00h\x04eK\x06]\x94(K\x00h\x02eK\x07]\x94(K\x00h\x04eK\x08]\x94(K\x00h\x02eK\t]\x94(K\x00h\x04eK\n]\x94(K\x00h\x04eK\x0b]\x94(K\x00h\x04eK\x0c]\x94(K\x00\x8c\x012\x94eK\r]\x94(K\x00h\x02eK\x0e]\x94(K\x00h\x04eK\x0f]\x94(K\x00h\x04eK\x10]\x94(K\x00h\x04eK\x11]\x94(K\x00h\x0feK\x12]\x94(K\x00h\x04eK\x13]\x94(K\x00h\x0feK\x14]\x94(K\x00h\x04eK\x15]\x94(K\x00h\x04eK\x16]\x94(K\x00h\x04eK\x17]\x94(K\x02h\x0feK\x18]\x94(K\x00h\x02eu.'
DEBUG | 2024-04-15 12:57:55,211 | b'20262!\x80\x04\x95\xfb\x00\x00\x00\x00\x00\x00\x00}\x94(K\x01]\x94(K\x03\x8c\x011\x94eK\x02]\x94(K\x00\x8c\x010\x94eK\x03]\x94(K\x00h\x04eK\x04]\x94(K\x00h\x04eK\x05]\x94(K\x00h\x04eK\x06]\x94(K\x00h\x02eK\x07]\x94(K\x00h\x04eK\x08]\x94(K\x00h\x02eK\t]\x94(K\x00h\x04eK\n]\x94(K\x00h\x04eK\x0b]\x94(K\x00h\x04eK\x0c]\x94(K\x00\x8c\x012\x94eK\r]\x94(K\x00h\x02eK\x0e]\x94(K\x00h\x04eK\x0f]\x94(K\x00h\x04eK\x10]\x94(K\x00h\x04eK\x11]\x94(K\x00h\x0feK\x12]\x94(K\x00h\x04eK\x13]\x94(K\x00h\x0feK\x14]\x94(K\x00h\x04eK\x15]\x94(K\x00h\x04eK\x16]\x94(K\x00h\x04eK\x17]\x94(K\x02h\x0feK\x18]\x94(K\x00h\x02eu.'
DEBUG | 2024-04-15 12:58:05,241 | received: 20 from client
DEBUG | 2024-04-15 12:58:05,241 | b'20262!\x80\x04\x95\xfb\x00\x00\x00\x00\x00\x00\x00}\x94(K\x01]\x94(K\x02\x8c\x011\x94eK\x02]\x94(K\x00\x8c\x010\x94eK\x03]\x94(K\x00h\x04eK\x04]\x94(K\x00h\x04eK\x05]\x94(K\x00h\x04eK\x06]\x94(K\x00h\x02eK\x07]\x94(K\x00h\x04eK\x08]\x94(K\x00h\x02eK\t]\x94(K\x00h\x04eK\n]\x94(K\x00h\x04eK\x0b]\x94(K\x00h\x04eK\x0c]\x94(K\x00\x8c\x012\x94eK\r]\x94(K\x00h\x02eK\x0e]\x94(K\x00h\x04eK\x0f]\x94(K\x00h\x04eK\x10]\x94(K\x00h\x04eK\x11]\x94(K\x00h\x0feK\x12]\x94(K\x00h\x04eK\x13]\x94(K\x00h\x0feK\x14]\x94(K\x00h\x04eK\x15]\x94(K\x00h\x04eK\x16]\x94(K\x00h\x04eK\x17]\x94(K\x02h\x0feK\x18]\x94(K\x00h\x02eu.'
DEBUG | 2024-04-15 12:58:05,242 | Socket error occurred: [WinError 10053] An established connection was aborted by the software in your host machine
DEBUG | 2024-04-15 12:58:05,242 | GAME OVER
DEBUG | 2024-04-15 12:58:05,242 | 2
DEBUG | 2024-04-15 12:58:05,242 | 1
DEBUG | 2024-04-15 12:58:05,242 | send function: 30
DEBUG | 2024-04-15 12:58:05,242 | 1
DEBUG | 2024-04-15 12:58:05,242 | socket is close
DEBUG | 2024-04-15 12:58:33,790 | new client joined
DEBUG | 2024-04-15 12:58:33,790 | ('127.0.0.1', 52905)
DEBUG | 2024-04-15 12:58:37,142 | new client joined
DEBUG | 2024-04-15 12:58:37,142 | ('127.0.0.1', 52906)
DEBUG | 2024-04-15 12:58:37,142 | b'11262!\x80\x04\x95\xfb\x00\x00\x00\x00\x00\x00\x00}\x94(K\x01]\x94(K\x03\x8c\x011\x94eK\x02]\x94(K\x00\x8c\x010\x94eK\x03]\x94(K\x00h\x04eK\x04]\x94(K\x00h\x04eK\x05]\x94(K\x00h\x04eK\x06]\x94(K\x00h\x02eK\x07]\x94(K\x00h\x04eK\x08]\x94(K\x00h\x02eK\t]\x94(K\x00h\x04eK\n]\x94(K\x00h\x04eK\x0b]\x94(K\x00h\x04eK\x0c]\x94(K\x00\x8c\x012\x94eK\r]\x94(K\x00h\x02eK\x0e]\x94(K\x00h\x04eK\x0f]\x94(K\x00h\x04eK\x10]\x94(K\x00h\x04eK\x11]\x94(K\x00h\x0feK\x12]\x94(K\x00h\x04eK\x13]\x94(K\x00h\x0feK\x14]\x94(K\x00h\x04eK\x15]\x94(K\x00h\x04eK\x16]\x94(K\x00h\x04eK\x17]\x94(K\x02h\x0feK\x18]\x94(K\x00h\x02eu.'
DEBUG | 2024-04-15 12:58:37,142 | b'12262!\x80\x04\x95\xfb\x00\x00\x00\x00\x00\x00\x00}\x94(K\x01]\x94(K\x03\x8c\x011\x94eK\x02]\x94(K\x00\x8c\x010\x94eK\x03]\x94(K\x00h\x04eK\x04]\x94(K\x00h\x04eK\x05]\x94(K\x00h\x04eK\x06]\x94(K\x00h\x02eK\x07]\x94(K\x00h\x04eK\x08]\x94(K\x00h\x02eK\t]\x94(K\x00h\x04eK\n]\x94(K\x00h\x04eK\x0b]\x94(K\x00h\x04eK\x0c]\x94(K\x00\x8c\x012\x94eK\r]\x94(K\x00h\x02eK\x0e]\x94(K\x00h\x04eK\x0f]\x94(K\x00h\x04eK\x10]\x94(K\x00h\x04eK\x11]\x94(K\x00h\x0feK\x12]\x94(K\x00h\x04eK\x13]\x94(K\x00h\x0feK\x14]\x94(K\x00h\x04eK\x15]\x94(K\x00h\x04eK\x16]\x94(K\x00h\x04eK\x17]\x94(K\x02h\x0feK\x18]\x94(K\x00h\x02eu.'
DEBUG | 2024-04-15 12:58:37,142 | b'20262!\x80\x04\x95\xfb\x00\x00\x00\x00\x00\x00\x00}\x94(K\x01]\x94(K\x03\x8c\x011\x94eK\x02]\x94(K\x00\x8c\x010\x94eK\x03]\x94(K\x00h\x04eK\x04]\x94(K\x00h\x04eK\x05]\x94(K\x00h\x04eK\x06]\x94(K\x00h\x02eK\x07]\x94(K\x00h\x04eK\x08]\x94(K\x00h\x02eK\t]\x94(K\x00h\x04eK\n]\x94(K\x00h\x04eK\x0b]\x94(K\x00h\x04eK\x0c]\x94(K\x00\x8c\x012\x94eK\r]\x94(K\x00h\x02eK\x0e]\x94(K\x00h\x04eK\x0f]\x94(K\x00h\x04eK\x10]\x94(K\x00h\x04eK\x11]\x94(K\x00h\x0feK\x12]\x94(K\x00h\x04eK\x13]\x94(K\x00h\x0feK\x14]\x94(K\x00h\x04eK\x15]\x94(K\x00h\x04eK\x16]\x94(K\x00h\x04eK\x17]\x94(K\x02h\x0feK\x18]\x94(K\x00h\x02eu.'
DEBUG | 2024-04-15 12:58:41,570 | received: 20 from client
DEBUG | 2024-04-15 12:58:41,570 | b'20262!\x80\x04\x95\xfb\x00\x00\x00\x00\x00\x00\x00}\x94(K\x01]\x94(K\x02\x8c\x011\x94eK\x02]\x94(K\x00\x8c\x010\x94eK\x03]\x94(K\x00h\x04eK\x04]\x94(K\x00h\x04eK\x05]\x94(K\x00h\x04eK\x06]\x94(K\x00h\x02eK\x07]\x94(K\x00h\x04eK\x08]\x94(K\x00h\x02eK\t]\x94(K\x00h\x04eK\n]\x94(K\x00h\x04eK\x0b]\x94(K\x00h\x04eK\x0c]\x94(K\x00\x8c\x012\x94eK\r]\x94(K\x00h\x02eK\x0e]\x94(K\x00h\x04eK\x0f]\x94(K\x00h\x04eK\x10]\x94(K\x00h\x04eK\x11]\x94(K\x00h\x0feK\x12]\x94(K\x00h\x04eK\x13]\x94(K\x00h\x0feK\x14]\x94(K\x00h\x04eK\x15]\x94(K\x00h\x04eK\x16]\x94(K\x00h\x04eK\x17]\x94(K\x02h\x0feK\x18]\x94(K\x00h\x02eu.'
DEBUG | 2024-04-15 12:58:56,674 | received: 20 from client
DEBUG | 2024-04-15 12:58:56,674 | b'20262!\x80\x04\x95\xfb\x00\x00\x00\x00\x00\x00\x00}\x94(K\x01]\x94(K\x02\x8c\x011\x94eK\x02]\x94(K\x00\x8c\x010\x94eK\x03]\x94(K\x00h\x04eK\x04]\x94(K\x00h\x04eK\x05]\x94(K\x00h\x04eK\x06]\x94(K\x00h\x02eK\x07]\x94(K\x00h\x04eK\x08]\x94(K\x00h\x02eK\t]\x94(K\x00h\x04eK\n]\x94(K\x00h\x04eK\x0b]\x94(K\x00h\x04eK\x0c]\x94(K\x00\x8c\x012\x94eK\r]\x94(K\x00h\x02eK\x0e]\x94(K\x00h\x04eK\x0f]\x94(K\x00h\x04eK\x10]\x94(K\x00h\x04eK\x11]\x94(K\x00h\x0feK\x12]\x94(K\x00h\x04eK\x13]\x94(K\x00h\x0feK\x14]\x94(K\x00h\x04eK\x15]\x94(K\x00h\x04eK\x16]\x94(K\x00h\x04eK\x17]\x94(K\x01h\x0feK\x18]\x94(K\x00h\x02eu.'
DEBUG | 2024-04-15 12:58:56,674 | Socket error occurred: [WinError 10053] An established connection was aborted by the software in your host machine
DEBUG | 2024-04-15 12:58:56,674 | GAME OVER
DEBUG | 2024-04-15 12:58:56,675 | 2
DEBUG | 2024-04-15 12:58:56,675 | 1
DEBUG | 2024-04-15 12:58:56,675 | socket is close
DEBUG | 2024-04-15 13:06:30,478 | new client joined
DEBUG | 2024-04-15 13:06:30,478 | ('127.0.0.1', 52938)
DEBUG | 2024-04-15 13:06:33,832 | new client joined
DEBUG | 2024-04-15 13:06:33,832 | ('127.0.0.1', 52939)
DEBUG | 2024-04-15 13:06:33,832 | b'11262!\x80\x04\x95\xfb\x00\x00\x00\x00\x00\x00\x00}\x94(K\x01]\x94(K\x03\x8c\x011\x94eK\x02]\x94(K\x00\x8c\x010\x94eK\x03]\x94(K\x00h\x04eK\x04]\x94(K\x00h\x04eK\x05]\x94(K\x00h\x04eK\x06]\x94(K\x00h\x02eK\x07]\x94(K\x00h\x04eK\x08]\x94(K\x00h\x02eK\t]\x94(K\x00h\x04eK\n]\x94(K\x00h\x04eK\x0b]\x94(K\x00h\x04eK\x0c]\x94(K\x00\x8c\x012\x94eK\r]\x94(K\x00h\x02eK\x0e]\x94(K\x00h\x04eK\x0f]\x94(K\x00h\x04eK\x10]\x94(K\x00h\x04eK\x11]\x94(K\x00h\x0feK\x12]\x94(K\x00h\x04eK\x13]\x94(K\x00h\x0feK\x14]\x94(K\x00h\x04eK\x15]\x94(K\x00h\x04eK\x16]\x94(K\x00h\x04eK\x17]\x94(K\x02h\x0feK\x18]\x94(K\x00h\x02eu.'
DEBUG | 2024-04-15 13:06:33,832 | b'12262!\x80\x04\x95\xfb\x00\x00\x00\x00\x00\x00\x00}\x94(K\x01]\x94(K\x03\x8c\x011\x94eK\x02]\x94(K\x00\x8c\x010\x94eK\x03]\x94(K\x00h\x04eK\x04]\x94(K\x00h\x04eK\x05]\x94(K\x00h\x04eK\x06]\x94(K\x00h\x02eK\x07]\x94(K\x00h\x04eK\x08]\x94(K\x00h\x02eK\t]\x94(K\x00h\x04eK\n]\x94(K\x00h\x04eK\x0b]\x94(K\x00h\x04eK\x0c]\x94(K\x00\x8c\x012\x94eK\r]\x94(K\x00h\x02eK\x0e]\x94(K\x00h\x04eK\x0f]\x94(K\x00h\x04eK\x10]\x94(K\x00h\x04eK\x11]\x94(K\x00h\x0feK\x12]\x94(K\x00h\x04eK\x13]\x94(K\x00h\x0feK\x14]\x94(K\x00h\x04eK\x15]\x94(K\x00h\x04eK\x16]\x94(K\x00h\x04eK\x17]\x94(K\x02h\x0feK\x18]\x94(K\x00h\x02eu.'
DEBUG | 2024-04-15 13:06:33,832 | b'20262!\x80\x04\x95\xfb\x00\x00\x00\x00\x00\x00\x00}\x94(K\x01]\x94(K\x03\x8c\x011\x94eK\x02]\x94(K\x00\x8c\x010\x94eK\x03]\x94(K\x00h\x04eK\x04]\x94(K\x00h\x04eK\x05]\x94(K\x00h\x04eK\x06]\x94(K\x00h\x02eK\x07]\x94(K\x00h\x04eK\x08]\x94(K\x00h\x02eK\t]\x94(K\x00h\x04eK\n]\x94(K\x00h\x04eK\x0b]\x94(K\x00h\x04eK\x0c]\x94(K\x00\x8c\x012\x94eK\r]\x94(K\x00h\x02eK\x0e]\x94(K\x00h\x04eK\x0f]\x94(K\x00h\x04eK\x10]\x94(K\x00h\x04eK\x11]\x94(K\x00h\x0feK\x12]\x94(K\x00h\x04eK\x13]\x94(K\x00h\x0feK\x14]\x94(K\x00h\x04eK\x15]\x94(K\x00h\x04eK\x16]\x94(K\x00h\x04eK\x17]\x94(K\x02h\x0feK\x18]\x94(K\x00h\x02eu.'
DEBUG | 2024-04-15 13:06:37,521 | received: 20 from client
DEBUG | 2024-04-15 13:06:37,522 | b'20262!\x80\x04\x95\xfb\x00\x00\x00\x00\x00\x00\x00}\x94(K\x01]\x94(K\x02\x8c\x011\x94eK\x02]\x94(K\x00\x8c\x010\x94eK\x03]\x94(K\x00h\x04eK\x04]\x94(K\x00h\x04eK\x05]\x94(K\x00h\x04eK\x06]\x94(K\x00h\x02eK\x07]\x94(K\x00h\x04eK\x08]\x94(K\x00h\x02eK\t]\x94(K\x00h\x04eK\n]\x94(K\x00h\x04eK\x0b]\x94(K\x00h\x04eK\x0c]\x94(K\x00\x8c\x012\x94eK\r]\x94(K\x00h\x02eK\x0e]\x94(K\x00h\x04eK\x0f]\x94(K\x00h\x04eK\x10]\x94(K\x00h\x04eK\x11]\x94(K\x00h\x0feK\x12]\x94(K\x00h\x04eK\x13]\x94(K\x00h\x0feK\x14]\x94(K\x00h\x04eK\x15]\x94(K\x00h\x04eK\x16]\x94(K\x00h\x04eK\x17]\x94(K\x02h\x0feK\x18]\x94(K\x00h\x02eu.'
DEBUG | 2024-04-15 13:06:42,545 | received: 20 from client
DEBUG | 2024-04-15 13:06:42,545 | b'20262!\x80\x04\x95\xfb\x00\x00\x00\x00\x00\x00\x00}\x94(K\x01]\x94(K\x02\x8c\x011\x94eK\x02]\x94(K\x00\x8c\x010\x94eK\x03]\x94(K\x00h\x04eK\x04]\x94(K\x00h\x04eK\x05]\x94(K\x00h\x04eK\x06]\x94(K\x00h\x02eK\x07]\x94(K\x00h\x04eK\x08]\x94(K\x00h\x02eK\t]\x94(K\x00h\x04eK\n]\x94(K\x00h\x04eK\x0b]\x94(K\x00h\x04eK\x0c]\x94(K\x00\x8c\x012\x94eK\r]\x94(K\x00h\x02eK\x0e]\x94(K\x00h\x04eK\x0f]\x94(K\x00h\x04eK\x10]\x94(K\x00h\x04eK\x11]\x94(K\x00h\x0feK\x12]\x94(K\x00h\x04eK\x13]\x94(K\x00h\x0feK\x14]\x94(K\x00h\x04eK\x15]\x94(K\x00h\x04eK\x16]\x94(K\x00h\x04eK\x17]\x94(K\x01h\x0feK\x18]\x94(K\x00h\x02eu.'
DEBUG | 2024-04-15 13:06:42,545 | Socket error occurred: [WinError 10053] An established connection was aborted by the software in your host machine
DEBUG | 2024-04-15 13:06:42,545 | GAME OVER
DEBUG | 2024-04-15 13:06:42,545 | 2
DEBUG | 2024-04-15 13:06:42,550 | An error occurred: cannot access local variable 'client_socket' where it is not associated with a value
DEBUG | 2024-04-15 13:07:25,125 | new client joined
DEBUG | 2024-04-15 13:07:25,125 | ('127.0.0.1', 52940)
DEBUG | 2024-04-15 13:07:27,799 | new client joined
DEBUG | 2024-04-15 13:07:27,799 | ('127.0.0.1', 52941)
DEBUG | 2024-04-15 13:07:27,799 | b'11262!\x80\x04\x95\xfb\x00\x00\x00\x00\x00\x00\x00}\x94(K\x01]\x94(K\x03\x8c\x011\x94eK\x02]\x94(K\x00\x8c\x010\x94eK\x03]\x94(K\x00h\x04eK\x04]\x94(K\x00h\x04eK\x05]\x94(K\x00h\x04eK\x06]\x94(K\x00h\x02eK\x07]\x94(K\x00h\x04eK\x08]\x94(K\x00h\x02eK\t]\x94(K\x00h\x04eK\n]\x94(K\x00h\x04eK\x0b]\x94(K\x00h\x04eK\x0c]\x94(K\x00\x8c\x012\x94eK\r]\x94(K\x00h\x02eK\x0e]\x94(K\x00h\x04eK\x0f]\x94(K\x00h\x04eK\x10]\x94(K\x00h\x04eK\x11]\x94(K\x00h\x0feK\x12]\x94(K\x00h\x04eK\x13]\x94(K\x00h\x0feK\x14]\x94(K\x00h\x04eK\x15]\x94(K\x00h\x04eK\x16]\x94(K\x00h\x04eK\x17]\x94(K\x02h\x0feK\x18]\x94(K\x00h\x02eu.'
DEBUG | 2024-04-15 13:07:27,799 | b'12262!\x80\x04\x95\xfb\x00\x00\x00\x00\x00\x00\x00}\x94(K\x01]\x94(K\x03\x8c\x011\x94eK\x02]\x94(K\x00\x8c\x010\x94eK\x03]\x94(K\x00h\x04eK\x04]\x94(K\x00h\x04eK\x05]\x94(K\x00h\x04eK\x06]\x94(K\x00h\x02eK\x07]\x94(K\x00h\x04eK\x08]\x94(K\x00h\x02eK\t]\x94(K\x00h\x04eK\n]\x94(K\x00h\x04eK\x0b]\x94(K\x00h\x04eK\x0c]\x94(K\x00\x8c\x012\x94eK\r]\x94(K\x00h\x02eK\x0e]\x94(K\x00h\x04eK\x0f]\x94(K\x00h\x04eK\x10]\x94(K\x00h\x04eK\x11]\x94(K\x00h\x0feK\x12]\x94(K\x00h\x04eK\x13]\x94(K\x00h\x0feK\x14]\x94(K\x00h\x04eK\x15]\x94(K\x00h\x04eK\x16]\x94(K\x00h\x04eK\x17]\x94(K\x02h\x0feK\x18]\x94(K\x00h\x02eu.'
DEBUG | 2024-04-15 13:07:27,799 | b'20262!\x80\x04\x95\xfb\x00\x00\x00\x00\x00\x00\x00}\x94(K\x01]\x94(K\x03\x8c\x011\x94eK\x02]\x94(K\x00\x8c\x010\x94eK\x03]\x94(K\x00h\x04eK\x04]\x94(K\x00h\x04eK\x05]\x94(K\x00h\x04eK\x06]\x94(K\x00h\x02eK\x07]\x94(K\x00h\x04eK\x08]\x94(K\x00h\x02eK\t]\x94(K\x00h\x04eK\n]\x94(K\x00h\x04eK\x0b]\x94(K\x00h\x04eK\x0c]\x94(K\x00\x8c\x012\x94eK\r]\x94(K\x00h\x02eK\x0e]\x94(K\x00h\x04eK\x0f]\x94(K\x00h\x04eK\x10]\x94(K\x00h\x04eK\x11]\x94(K\x00h\x0feK\x12]\x94(K\x00h\x04eK\x13]\x94(K\x00h\x0feK\x14]\x94(K\x00h\x04eK\x15]\x94(K\x00h\x04eK\x16]\x94(K\x00h\x04eK\x17]\x94(K\x02h\x0feK\x18]\x94(K\x00h\x02eu.'
DEBUG | 2024-04-15 13:07:31,671 | received: 20 from client
DEBUG | 2024-04-15 13:07:31,672 | b'20262!\x80\x04\x95\xfb\x00\x00\x00\x00\x00\x00\x00}\x94(K\x01]\x94(K\x02\x8c\x011\x94eK\x02]\x94(K\x00\x8c\x010\x94eK\x03]\x94(K\x00h\x04eK\x04]\x94(K\x00h\x04eK\x05]\x94(K\x00h\x04eK\x06]\x94(K\x00h\x02eK\x07]\x94(K\x00h\x04eK\x08]\x94(K\x00h\x02eK\t]\x94(K\x00h\x04eK\n]\x94(K\x00h\x04eK\x0b]\x94(K\x00h\x04eK\x0c]\x94(K\x00\x8c\x012\x94eK\r]\x94(K\x00h\x02eK\x0e]\x94(K\x00h\x04eK\x0f]\x94(K\x00h\x04eK\x10]\x94(K\x00h\x04eK\x11]\x94(K\x00h\x0feK\x12]\x94(K\x00h\x04eK\x13]\x94(K\x00h\x0feK\x14]\x94(K\x00h\x04eK\x15]\x94(K\x00h\x04eK\x16]\x94(K\x00h\x04eK\x17]\x94(K\x02h\x0feK\x18]\x94(K\x00h\x02eu.'
DEBUG | 2024-04-15 13:07:36,713 | received: 20 from client
DEBUG | 2024-04-15 13:07:36,713 | b'20262!\x80\x04\x95\xfb\x00\x00\x00\x00\x00\x00\x00}\x94(K\x01]\x94(K\x02\x8c\x011\x94eK\x02]\x94(K\x00\x8c\x010\x94eK\x03]\x94(K\x00h\x04eK\x04]\x94(K\x00h\x04eK\x05]\x94(K\x00h\x04eK\x06]\x94(K\x00h\x02eK\x07]\x94(K\x00h\x04eK\x08]\x94(K\x00h\x02eK\t]\x94(K\x00h\x04eK\n]\x94(K\x00h\x04eK\x0b]\x94(K\x00h\x04eK\x0c]\x94(K\x00\x8c\x012\x94eK\r]\x94(K\x00h\x02eK\x0e]\x94(K\x00h\x04eK\x0f]\x94(K\x00h\x04eK\x10]\x94(K\x00h\x04eK\x11]\x94(K\x00h\x0feK\x12]\x94(K\x00h\x04eK\x13]\x94(K\x00h\x0feK\x14]\x94(K\x00h\x04eK\x15]\x94(K\x00h\x04eK\x16]\x94(K\x00h\x04eK\x17]\x94(K\x01h\x0feK\x18]\x94(K\x00h\x02eu.'
DEBUG | 2024-04-15 13:07:36,713 | Socket error occurred: [WinError 10053] An established connection was aborted by the software in your host machine
DEBUG | 2024-04-15 13:07:36,714 | GAME OVER
DEBUG | 2024-04-15 13:07:36,714 | 2
DEBUG | 2024-04-15 13:07:36,714 | socket is close
DEBUG | 2024-04-15 13:09:01,773 | new client joined
DEBUG | 2024-04-15 13:09:01,774 | ('127.0.0.1', 52947)
DEBUG | 2024-04-15 13:09:03,904 | new client joined
DEBUG | 2024-04-15 13:09:03,904 | ('127.0.0.1', 52948)
DEBUG | 2024-04-15 13:09:03,904 | b'11262!\x80\x04\x95\xfb\x00\x00\x00\x00\x00\x00\x00}\x94(K\x01]\x94(K\x03\x8c\x011\x94eK\x02]\x94(K\x00\x8c\x010\x94eK\x03]\x94(K\x00h\x04eK\x04]\x94(K\x00h\x04eK\x05]\x94(K\x00h\x04eK\x06]\x94(K\x00h\x02eK\x07]\x94(K\x00h\x04eK\x08]\x94(K\x00h\x02eK\t]\x94(K\x00h\x04eK\n]\x94(K\x00h\x04eK\x0b]\x94(K\x00h\x04eK\x0c]\x94(K\x00\x8c\x012\x94eK\r]\x94(K\x00h\x02eK\x0e]\x94(K\x00h\x04eK\x0f]\x94(K\x00h\x04eK\x10]\x94(K\x00h\x04eK\x11]\x94(K\x00h\x0feK\x12]\x94(K\x00h\x04eK\x13]\x94(K\x00h\x0feK\x14]\x94(K\x00h\x04eK\x15]\x94(K\x00h\x04eK\x16]\x94(K\x00h\x04eK\x17]\x94(K\x02h\x0feK\x18]\x94(K\x00h\x02eu.'
DEBUG | 2024-04-15 13:09:03,904 | b'12262!\x80\x04\x95\xfb\x00\x00\x00\x00\x00\x00\x00}\x94(K\x01]\x94(K\x03\x8c\x011\x94eK\x02]\x94(K\x00\x8c\x010\x94eK\x03]\x94(K\x00h\x04eK\x04]\x94(K\x00h\x04eK\x05]\x94(K\x00h\x04eK\x06]\x94(K\x00h\x02eK\x07]\x94(K\x00h\x04eK\x08]\x94(K\x00h\x02eK\t]\x94(K\x00h\x04eK\n]\x94(K\x00h\x04eK\x0b]\x94(K\x00h\x04eK\x0c]\x94(K\x00\x8c\x012\x94eK\r]\x94(K\x00h\x02eK\x0e]\x94(K\x00h\x04eK\x0f]\x94(K\x00h\x04eK\x10]\x94(K\x00h\x04eK\x11]\x94(K\x00h\x0feK\x12]\x94(K\x00h\x04eK\x13]\x94(K\x00h\x0feK\x14]\x94(K\x00h\x04eK\x15]\x94(K\x00h\x04eK\x16]\x94(K\x00h\x04eK\x17]\x94(K\x02h\x0feK\x18]\x94(K\x00h\x02eu.'
DEBUG | 2024-04-15 13:09:03,905 | b'20262!\x80\x04\x95\xfb\x00\x00\x00\x00\x00\x00\x00}\x94(K\x01]\x94(K\x03\x8c\x011\x94eK\x02]\x94(K\x00\x8c\x010\x94eK\x03]\x94(K\x00h\x04eK\x04]\x94(K\x00h\x04eK\x05]\x94(K\x00h\x04eK\x06]\x94(K\x00h\x02eK\x07]\x94(K\x00h\x04eK\x08]\x94(K\x00h\x02eK\t]\x94(K\x00h\x04eK\n]\x94(K\x00h\x04eK\x0b]\x94(K\x00h\x04eK\x0c]\x94(K\x00\x8c\x012\x94eK\r]\x94(K\x00h\x02eK\x0e]\x94(K\x00h\x04eK\x0f]\x94(K\x00h\x04eK\x10]\x94(K\x00h\x04eK\x11]\x94(K\x00h\x0feK\x12]\x94(K\x00h\x04eK\x13]\x94(K\x00h\x0feK\x14]\x94(K\x00h\x04eK\x15]\x94(K\x00h\x04eK\x16]\x94(K\x00h\x04eK\x17]\x94(K\x02h\x0feK\x18]\x94(K\x00h\x02eu.'
DEBUG | 2024-04-15 13:09:10,973 | received: 20 from client
DEBUG | 2024-04-15 13:09:10,973 | b'20262!\x80\x04\x95\xfb\x00\x00\x00\x00\x00\x00\x00}\x94(K\x01]\x94(K\x02\x8c\x011\x94eK\x02]\x94(K\x00\x8c\x010\x94eK\x03]\x94(K\x00h\x04eK\x04]\x94(K\x00h\x04eK\x05]\x94(K\x00h\x04eK\x06]\x94(K\x00h\x02eK\x07]\x94(K\x00h\x04eK\x08]\x94(K\x00h\x02eK\t]\x94(K\x00h\x04eK\n]\x94(K\x00h\x04eK\x0b]\x94(K\x00h\x04eK\x0c]\x94(K\x00\x8c\x012\x94eK\r]\x94(K\x00h\x02eK\x0e]\x94(K\x00h\x04eK\x0f]\x94(K\x00h\x04eK\x10]\x94(K\x00h\x04eK\x11]\x94(K\x00h\x0feK\x12]\x94(K\x00h\x04eK\x13]\x94(K\x00h\x0feK\x14]\x94(K\x00h\x04eK\x15]\x94(K\x00h\x04eK\x16]\x94(K\x00h\x04eK\x17]\x94(K\x02h\x0feK\x18]\x94(K\x00h\x02eu.'
DEBUG | 2024-04-15 13:09:10,973 | Socket error occurred: [WinError 10053] An established connection was aborted by the software in your host machine
DEBUG | 2024-04-15 13:09:10,974 | GAME OVER
DEBUG | 2024-04-15 13:09:10,974 | 2
DEBUG | 2024-04-15 13:09:10,974 | send function: 30
DEBUG | 2024-04-15 13:09:21,668 | new client joined
DEBUG | 2024-04-15 13:09:21,669 | ('127.0.0.1', 52950)
DEBUG | 2024-04-15 13:09:23,781 | new client joined
DEBUG | 2024-04-15 13:09:23,781 | ('127.0.0.1', 52951)
DEBUG | 2024-04-15 13:09:23,781 | b'11262!\x80\x04\x95\xfb\x00\x00\x00\x00\x00\x00\x00}\x94(K\x01]\x94(K\x03\x8c\x011\x94eK\x02]\x94(K\x00\x8c\x010\x94eK\x03]\x94(K\x00h\x04eK\x04]\x94(K\x00h\x04eK\x05]\x94(K\x00h\x04eK\x06]\x94(K\x00h\x02eK\x07]\x94(K\x00h\x04eK\x08]\x94(K\x00h\x02eK\t]\x94(K\x00h\x04eK\n]\x94(K\x00h\x04eK\x0b]\x94(K\x00h\x04eK\x0c]\x94(K\x00\x8c\x012\x94eK\r]\x94(K\x00h\x02eK\x0e]\x94(K\x00h\x04eK\x0f]\x94(K\x00h\x04eK\x10]\x94(K\x00h\x04eK\x11]\x94(K\x00h\x0feK\x12]\x94(K\x00h\x04eK\x13]\x94(K\x00h\x0feK\x14]\x94(K\x00h\x04eK\x15]\x94(K\x00h\x04eK\x16]\x94(K\x00h\x04eK\x17]\x94(K\x02h\x0feK\x18]\x94(K\x00h\x02eu.'
DEBUG | 2024-04-15 13:09:23,781 | b'12262!\x80\x04\x95\xfb\x00\x00\x00\x00\x00\x00\x00}\x94(K\x01]\x94(K\x03\x8c\x011\x94eK\x02]\x94(K\x00\x8c\x010\x94eK\x03]\x94(K\x00h\x04eK\x04]\x94(K\x00h\x04eK\x05]\x94(K\x00h\x04eK\x06]\x94(K\x00h\x02eK\x07]\x94(K\x00h\x04eK\x08]\x94(K\x00h\x02eK\t]\x94(K\x00h\x04eK\n]\x94(K\x00h\x04eK\x0b]\x94(K\x00h\x04eK\x0c]\x94(K\x00\x8c\x012\x94eK\r]\x94(K\x00h\x02eK\x0e]\x94(K\x00h\x04eK\x0f]\x94(K\x00h\x04eK\x10]\x94(K\x00h\x04eK\x11]\x94(K\x00h\x0feK\x12]\x94(K\x00h\x04eK\x13]\x94(K\x00h\x0feK\x14]\x94(K\x00h\x04eK\x15]\x94(K\x00h\x04eK\x16]\x94(K\x00h\x04eK\x17]\x94(K\x02h\x0feK\x18]\x94(K\x00h\x02eu.'
DEBUG | 2024-04-15 13:09:23,781 | b'20262!\x80\x04\x95\xfb\x00\x00\x00\x00\x00\x00\x00}\x94(K\x01]\x94(K\x03\x8c\x011\x94eK\x02]\x94(K\x00\x8c\x010\x94eK\x03]\x94(K\x00h\x04eK\x04]\x94(K\x00h\x04eK\x05]\x94(K\x00h\x04eK\x06]\x94(K\x00h\x02eK\x07]\x94(K\x00h\x04eK\x08]\x94(K\x00h\x02eK\t]\x94(K\x00h\x04eK\n]\x94(K\x00h\x04eK\x0b]\x94(K\x00h\x04eK\x0c]\x94(K\x00\x8c\x012\x94eK\r]\x94(K\x00h\x02eK\x0e]\x94(K\x00h\x04eK\x0f]\x94(K\x00h\x04eK\x10]\x94(K\x00h\x04eK\x11]\x94(K\x00h\x0feK\x12]\x94(K\x00h\x04eK\x13]\x94(K\x00h\x0feK\x14]\x94(K\x00h\x04eK\x15]\x94(K\x00h\x04eK\x16]\x94(K\x00h\x04eK\x17]\x94(K\x02h\x0feK\x18]\x94(K\x00h\x02eu.'
DEBUG | 2024-04-15 13:09:27,473 | received: 20 from client
DEBUG | 2024-04-15 13:09:27,473 | b'20262!\x80\x04\x95\xfb\x00\x00\x00\x00\x00\x00\x00}\x94(K\x01]\x94(K\x02\x8c\x011\x94eK\x02]\x94(K\x00\x8c\x010\x94eK\x03]\x94(K\x00h\x04eK\x04]\x94(K\x00h\x04eK\x05]\x94(K\x00h\x04eK\x06]\x94(K\x00h\x02eK\x07]\x94(K\x00h\x04eK\x08]\x94(K\x00h\x02eK\t]\x94(K\x00h\x04eK\n]\x94(K\x00h\x04eK\x0b]\x94(K\x00h\x04eK\x0c]\x94(K\x00\x8c\x012\x94eK\r]\x94(K\x00h\x02eK\x0e]\x94(K\x00h\x04eK\x0f]\x94(K\x00h\x04eK\x10]\x94(K\x00h\x04eK\x11]\x94(K\x00h\x0feK\x12]\x94(K\x00h\x04eK\x13]\x94(K\x00h\x0feK\x14]\x94(K\x00h\x04eK\x15]\x94(K\x00h\x04eK\x16]\x94(K\x00h\x04eK\x17]\x94(K\x02h\x0feK\x18]\x94(K\x00h\x02eu.'
DEBUG | 2024-04-15 13:09:32,079 | received: 20 from client
DEBUG | 2024-04-15 13:09:32,080 | b'20262!\x80\x04\x95\xfb\x00\x00\x00\x00\x00\x00\x00}\x94(K\x01]\x94(K\x02\x8c\x011\x94eK\x02]\x94(K\x00\x8c\x010\x94eK\x03]\x94(K\x00h\x04eK\x04]\x94(K\x00h\x04eK\x05]\x94(K\x00h\x04eK\x06]\x94(K\x00h\x02eK\x07]\x94(K\x00h\x04eK\x08]\x94(K\x00h\x02eK\t]\x94(K\x00h\x04eK\n]\x94(K\x00h\x04eK\x0b]\x94(K\x00h\x04eK\x0c]\x94(K\x00\x8c\x012\x94eK\r]\x94(K\x00h\x02eK\x0e]\x94(K\x00h\x04eK\x0f]\x94(K\x00h\x04eK\x10]\x94(K\x00h\x04eK\x11]\x94(K\x00h\x0feK\x12]\x94(K\x00h\x04eK\x13]\x94(K\x00h\x0feK\x14]\x94(K\x00h\x04eK\x15]\x94(K\x00h\x04eK\x16]\x94(K\x00h\x04eK\x17]\x94(K\x01h\x0feK\x18]\x94(K\x01h\x0feu.'
DEBUG | 2024-04-15 13:09:32,080 | Socket error occurred: [WinError 10053] An established connection was aborted by the software in your host machine
DEBUG | 2024-04-15 13:09:32,080 | GAME OVER
DEBUG | 2024-04-15 13:09:32,080 | 2
DEBUG | 2024-04-15 13:09:32,080 | send function: 30
DEBUG | 2024-04-15 13:10:11,579 | new client joined
DEBUG | 2024-04-15 13:10:11,579 | ('127.0.0.1', 52953)
DEBUG | 2024-04-15 13:10:14,040 | new client joined
DEBUG | 2024-04-15 13:10:14,040 | ('127.0.0.1', 52954)
DEBUG | 2024-04-15 13:10:14,041 | b'11262!\x80\x04\x95\xfb\x00\x00\x00\x00\x00\x00\x00}\x94(K\x01]\x94(K\x03\x8c\x011\x94eK\x02]\x94(K\x00\x8c\x010\x94eK\x03]\x94(K\x00h\x04eK\x04]\x94(K\x00h\x04eK\x05]\x94(K\x00h\x04eK\x06]\x94(K\x00h\x02eK\x07]\x94(K\x00h\x04eK\x08]\x94(K\x00h\x02eK\t]\x94(K\x00h\x04eK\n]\x94(K\x00h\x04eK\x0b]\x94(K\x00h\x04eK\x0c]\x94(K\x00\x8c\x012\x94eK\r]\x94(K\x00h\x02eK\x0e]\x94(K\x00h\x04eK\x0f]\x94(K\x00h\x04eK\x10]\x94(K\x00h\x04eK\x11]\x94(K\x00h\x0feK\x12]\x94(K\x00h\x04eK\x13]\x94(K\x00h\x0feK\x14]\x94(K\x00h\x04eK\x15]\x94(K\x00h\x04eK\x16]\x94(K\x00h\x04eK\x17]\x94(K\x02h\x0feK\x18]\x94(K\x00h\x02eu.'
DEBUG | 2024-04-15 13:10:14,041 | b'12262!\x80\x04\x95\xfb\x00\x00\x00\x00\x00\x00\x00}\x94(K\x01]\x94(K\x03\x8c\x011\x94eK\x02]\x94(K\x00\x8c\x010\x94eK\x03]\x94(K\x00h\x04eK\x04]\x94(K\x00h\x04eK\x05]\x94(K\x00h\x04eK\x06]\x94(K\x00h\x02eK\x07]\x94(K\x00h\x04eK\x08]\x94(K\x00h\x02eK\t]\x94(K\x00h\x04eK\n]\x94(K\x00h\x04eK\x0b]\x94(K\x00h\x04eK\x0c]\x94(K\x00\x8c\x012\x94eK\r]\x94(K\x00h\x02eK\x0e]\x94(K\x00h\x04eK\x0f]\x94(K\x00h\x04eK\x10]\x94(K\x00h\x04eK\x11]\x94(K\x00h\x0feK\x12]\x94(K\x00h\x04eK\x13]\x94(K\x00h\x0feK\x14]\x94(K\x00h\x04eK\x15]\x94(K\x00h\x04eK\x16]\x94(K\x00h\x04eK\x17]\x94(K\x02h\x0feK\x18]\x94(K\x00h\x02eu.'
DEBUG | 2024-04-15 13:10:14,041 | b'20262!\x80\x04\x95\xfb\x00\x00\x00\x00\x00\x00\x00}\x94(K\x01]\x94(K\x03\x8c\x011\x94eK\x02]\x94(K\x00\x8c\x010\x94eK\x03]\x94(K\x00h\x04eK\x04]\x94(K\x00h\x04eK\x05]\x94(K\x00h\x04eK\x06]\x94(K\x00h\x02eK\x07]\x94(K\x00h\x04eK\x08]\x94(K\x00h\x02eK\t]\x94(K\x00h\x04eK\n]\x94(K\x00h\x04eK\x0b]\x94(K\x00h\x04eK\x0c]\x94(K\x00\x8c\x012\x94eK\r]\x94(K\x00h\x02eK\x0e]\x94(K\x00h\x04eK\x0f]\x94(K\x00h\x04eK\x10]\x94(K\x00h\x04eK\x11]\x94(K\x00h\x0feK\x12]\x94(K\x00h\x04eK\x13]\x94(K\x00h\x0feK\x14]\x94(K\x00h\x04eK\x15]\x94(K\x00h\x04eK\x16]\x94(K\x00h\x04eK\x17]\x94(K\x02h\x0feK\x18]\x94(K\x00h\x02eu.'
DEBUG | 2024-04-15 13:10:17,182 | received: 20 from client
DEBUG | 2024-04-15 13:10:17,182 | b'20262!\x80\x04\x95\xfb\x00\x00\x00\x00\x00\x00\x00}\x94(K\x01]\x94(K\x02\x8c\x011\x94eK\x02]\x94(K\x00\x8c\x010\x94eK\x03]\x94(K\x00h\x04eK\x04]\x94(K\x00h\x04eK\x05]\x94(K\x00h\x04eK\x06]\x94(K\x00h\x02eK\x07]\x94(K\x00h\x04eK\x08]\x94(K\x00h\x02eK\t]\x94(K\x00h\x04eK\n]\x94(K\x00h\x04eK\x0b]\x94(K\x00h\x04eK\x0c]\x94(K\x00\x8c\x012\x94eK\r]\x94(K\x00h\x02eK\x0e]\x94(K\x00h\x04eK\x0f]\x94(K\x00h\x04eK\x10]\x94(K\x00h\x04eK\x11]\x94(K\x00h\x0feK\x12]\x94(K\x00h\x04eK\x13]\x94(K\x00h\x0feK\x14]\x94(K\x00h\x04eK\x15]\x94(K\x00h\x04eK\x16]\x94(K\x00h\x04eK\x17]\x94(K\x02h\x0feK\x18]\x94(K\x00h\x02eu.'
DEBUG | 2024-04-15 13:10:20,408 | received: 20 from client
DEBUG | 2024-04-15 13:10:20,408 | b'20262!\x80\x04\x95\xfb\x00\x00\x00\x00\x00\x00\x00}\x94(K\x01]\x94(K\x02\x8c\x011\x94eK\x02]\x94(K\x00\x8c\x010\x94eK\x03]\x94(K\x00h\x04eK\x04]\x94(K\x00h\x04eK\x05]\x94(K\x00h\x04eK\x06]\x94(K\x00h\x02eK\x07]\x94(K\x00h\x04eK\x08]\x94(K\x00h\x02eK\t]\x94(K\x00h\x04eK\n]\x94(K\x00h\x04eK\x0b]\x94(K\x00h\x04eK\x0c]\x94(K\x00\x8c\x012\x94eK\r]\x94(K\x00h\x02eK\x0e]\x94(K\x00h\x04eK\x0f]\x94(K\x00h\x04eK\x10]\x94(K\x00h\x04eK\x11]\x94(K\x00h\x0feK\x12]\x94(K\x00h\x04eK\x13]\x94(K\x00h\x0feK\x14]\x94(K\x00h\x04eK\x15]\x94(K\x00h\x04eK\x16]\x94(K\x00h\x04eK\x17]\x94(K\x01h\x0feK\x18]\x94(K\x00h\x02eu.'
DEBUG | 2024-04-15 13:10:20,409 | Socket error occurred: [WinError 10053] An established connection was aborted by the software in your host machine
DEBUG | 2024-04-15 13:10:20,409 | GAME OVER
DEBUG | 2024-04-15 13:10:20,409 | 2
DEBUG | 2024-04-15 13:10:20,409 | send function: 30
DEBUG | 2024-04-15 13:24:07,447 | new client joined
DEBUG | 2024-04-15 13:24:07,448 | ('127.0.0.1', 52995)
DEBUG | 2024-04-15 13:24:41,567 | new client joined
DEBUG | 2024-04-15 13:24:41,567 | ('127.0.0.1', 52996)
DEBUG | 2024-04-15 13:24:49,833 | new client joined
DEBUG | 2024-04-15 13:24:49,833 | ('127.0.0.1', 52999)
DEBUG | 2024-04-15 13:24:49,833 | b'11262!\x80\x04\x95\xfb\x00\x00\x00\x00\x00\x00\x00}\x94(K\x01]\x94(K\x03\x8c\x011\x94eK\x02]\x94(K\x00\x8c\x010\x94eK\x03]\x94(K\x00h\x04eK\x04]\x94(K\x00h\x04eK\x05]\x94(K\x00h\x04eK\x06]\x94(K\x00h\x02eK\x07]\x94(K\x00h\x04eK\x08]\x94(K\x00h\x02eK\t]\x94(K\x00h\x04eK\n]\x94(K\x00h\x04eK\x0b]\x94(K\x00h\x04eK\x0c]\x94(K\x00\x8c\x012\x94eK\r]\x94(K\x00h\x02eK\x0e]\x94(K\x00h\x04eK\x0f]\x94(K\x00h\x04eK\x10]\x94(K\x00h\x04eK\x11]\x94(K\x00h\x0feK\x12]\x94(K\x00h\x04eK\x13]\x94(K\x00h\x0feK\x14]\x94(K\x00h\x04eK\x15]\x94(K\x00h\x04eK\x16]\x94(K\x00h\x04eK\x17]\x94(K\x02h\x0feK\x18]\x94(K\x00h\x02eu.'
DEBUG | 2024-04-15 13:24:49,833 | b'12262!\x80\x04\x95\xfb\x00\x00\x00\x00\x00\x00\x00}\x94(K\x01]\x94(K\x03\x8c\x011\x94eK\x02]\x94(K\x00\x8c\x010\x94eK\x03]\x94(K\x00h\x04eK\x04]\x94(K\x00h\x04eK\x05]\x94(K\x00h\x04eK\x06]\x94(K\x00h\x02eK\x07]\x94(K\x00h\x04eK\x08]\x94(K\x00h\x02eK\t]\x94(K\x00h\x04eK\n]\x94(K\x00h\x04eK\x0b]\x94(K\x00h\x04eK\x0c]\x94(K\x00\x8c\x012\x94eK\r]\x94(K\x00h\x02eK\x0e]\x94(K\x00h\x04eK\x0f]\x94(K\x00h\x04eK\x10]\x94(K\x00h\x04eK\x11]\x94(K\x00h\x0feK\x12]\x94(K\x00h\x04eK\x13]\x94(K\x00h\x0feK\x14]\x94(K\x00h\x04eK\x15]\x94(K\x00h\x04eK\x16]\x94(K\x00h\x04eK\x17]\x94(K\x02h\x0feK\x18]\x94(K\x00h\x02eu.'
DEBUG | 2024-04-15 13:24:49,834 | b'20262!\x80\x04\x95\xfb\x00\x00\x00\x00\x00\x00\x00}\x94(K\x01]\x94(K\x03\x8c\x011\x94eK\x02]\x94(K\x00\x8c\x010\x94eK\x03]\x94(K\x00h\x04eK\x04]\x94(K\x00h\x04eK\x05]\x94(K\x00h\x04eK\x06]\x94(K\x00h\x02eK\x07]\x94(K\x00h\x04eK\x08]\x94(K\x00h\x02eK\t]\x94(K\x00h\x04eK\n]\x94(K\x00h\x04eK\x0b]\x94(K\x00h\x04eK\x0c]\x94(K\x00\x8c\x012\x94eK\r]\x94(K\x00h\x02eK\x0e]\x94(K\x00h\x04eK\x0f]\x94(K\x00h\x04eK\x10]\x94(K\x00h\x04eK\x11]\x94(K\x00h\x0feK\x12]\x94(K\x00h\x04eK\x13]\x94(K\x00h\x0feK\x14]\x94(K\x00h\x04eK\x15]\x94(K\x00h\x04eK\x16]\x94(K\x00h\x04eK\x17]\x94(K\x02h\x0feK\x18]\x94(K\x00h\x02eu.'
DEBUG | 2024-04-15 13:25:01,004 | received: -1 from client
DEBUG | 2024-04-15 13:25:01,004 | An error occurred: 'str' object has no attribute 'keys'
DEBUG | 2024-04-15 13:26:33,389 | new client joined
DEBUG | 2024-04-15 13:26:33,389 | ('127.0.0.1', 53002)
DEBUG | 2024-04-15 13:26:35,752 | new client joined
DEBUG | 2024-04-15 13:26:35,752 | ('127.0.0.1', 53003)
DEBUG | 2024-04-15 13:26:35,752 | b'11262!\x80\x04\x95\xfb\x00\x00\x00\x00\x00\x00\x00}\x94(K\x01]\x94(K\x03\x8c\x011\x94eK\x02]\x94(K\x00\x8c\x010\x94eK\x03]\x94(K\x00h\x04eK\x04]\x94(K\x00h\x04eK\x05]\x94(K\x00h\x04eK\x06]\x94(K\x00h\x02eK\x07]\x94(K\x00h\x04eK\x08]\x94(K\x00h\x02eK\t]\x94(K\x00h\x04eK\n]\x94(K\x00h\x04eK\x0b]\x94(K\x00h\x04eK\x0c]\x94(K\x00\x8c\x012\x94eK\r]\x94(K\x00h\x02eK\x0e]\x94(K\x00h\x04eK\x0f]\x94(K\x00h\x04eK\x10]\x94(K\x00h\x04eK\x11]\x94(K\x00h\x0feK\x12]\x94(K\x00h\x04eK\x13]\x94(K\x00h\x0feK\x14]\x94(K\x00h\x04eK\x15]\x94(K\x00h\x04eK\x16]\x94(K\x00h\x04eK\x17]\x94(K\x02h\x0feK\x18]\x94(K\x00h\x02eu.'
DEBUG | 2024-04-15 13:26:35,752 | b'12262!\x80\x04\x95\xfb\x00\x00\x00\x00\x00\x00\x00}\x94(K\x01]\x94(K\x03\x8c\x011\x94eK\x02]\x94(K\x00\x8c\x010\x94eK\x03]\x94(K\x00h\x04eK\x04]\x94(K\x00h\x04eK\x05]\x94(K\x00h\x04eK\x06]\x94(K\x00h\x02eK\x07]\x94(K\x00h\x04eK\x08]\x94(K\x00h\x02eK\t]\x94(K\x00h\x04eK\n]\x94(K\x00h\x04eK\x0b]\x94(K\x00h\x04eK\x0c]\x94(K\x00\x8c\x012\x94eK\r]\x94(K\x00h\x02eK\x0e]\x94(K\x00h\x04eK\x0f]\x94(K\x00h\x04eK\x10]\x94(K\x00h\x04eK\x11]\x94(K\x00h\x0feK\x12]\x94(K\x00h\x04eK\x13]\x94(K\x00h\x0feK\x14]\x94(K\x00h\x04eK\x15]\x94(K\x00h\x04eK\x16]\x94(K\x00h\x04eK\x17]\x94(K\x02h\x0feK\x18]\x94(K\x00h\x02eu.'
DEBUG | 2024-04-15 13:26:35,753 | b'20262!\x80\x04\x95\xfb\x00\x00\x00\x00\x00\x00\x00}\x94(K\x01]\x94(K\x03\x8c\x011\x94eK\x02]\x94(K\x00\x8c\x010\x94eK\x03]\x94(K\x00h\x04eK\x04]\x94(K\x00h\x04eK\x05]\x94(K\x00h\x04eK\x06]\x94(K\x00h\x02eK\x07]\x94(K\x00h\x04eK\x08]\x94(K\x00h\x02eK\t]\x94(K\x00h\x04eK\n]\x94(K\x00h\x04eK\x0b]\x94(K\x00h\x04eK\x0c]\x94(K\x00\x8c\x012\x94eK\r]\x94(K\x00h\x02eK\x0e]\x94(K\x00h\x04eK\x0f]\x94(K\x00h\x04eK\x10]\x94(K\x00h\x04eK\x11]\x94(K\x00h\x0feK\x12]\x94(K\x00h\x04eK\x13]\x94(K\x00h\x0feK\x14]\x94(K\x00h\x04eK\x15]\x94(K\x00h\x04eK\x16]\x94(K\x00h\x04eK\x17]\x94(K\x02h\x0feK\x18]\x94(K\x00h\x02eu.'
DEBUG | 2024-04-15 13:26:39,526 | received: -1 from client
DEBUG | 2024-04-15 13:26:39,526 | An error occurred: 'str' object has no attribute 'keys'
DEBUG | 2024-04-15 13:27:29,098 | new client joined
DEBUG | 2024-04-15 13:27:29,098 | ('127.0.0.1', 53006)
DEBUG | 2024-04-15 13:27:31,347 | new client joined
DEBUG | 2024-04-15 13:27:31,347 | ('127.0.0.1', 53007)
DEBUG | 2024-04-15 13:27:31,347 | b'11262!\x80\x04\x95\xfb\x00\x00\x00\x00\x00\x00\x00}\x94(K\x01]\x94(K\x03\x8c\x011\x94eK\x02]\x94(K\x00\x8c\x010\x94eK\x03]\x94(K\x00h\x04eK\x04]\x94(K\x00h\x04eK\x05]\x94(K\x00h\x04eK\x06]\x94(K\x00h\x02eK\x07]\x94(K\x00h\x04eK\x08]\x94(K\x00h\x02eK\t]\x94(K\x00h\x04eK\n]\x94(K\x00h\x04eK\x0b]\x94(K\x00h\x04eK\x0c]\x94(K\x00\x8c\x012\x94eK\r]\x94(K\x00h\x02eK\x0e]\x94(K\x00h\x04eK\x0f]\x94(K\x00h\x04eK\x10]\x94(K\x00h\x04eK\x11]\x94(K\x00h\x0feK\x12]\x94(K\x00h\x04eK\x13]\x94(K\x00h\x0feK\x14]\x94(K\x00h\x04eK\x15]\x94(K\x00h\x04eK\x16]\x94(K\x00h\x04eK\x17]\x94(K\x02h\x0feK\x18]\x94(K\x00h\x02eu.'
DEBUG | 2024-04-15 13:27:31,347 | b'12262!\x80\x04\x95\xfb\x00\x00\x00\x00\x00\x00\x00}\x94(K\x01]\x94(K\x03\x8c\x011\x94eK\x02]\x94(K\x00\x8c\x010\x94eK\x03]\x94(K\x00h\x04eK\x04]\x94(K\x00h\x04eK\x05]\x94(K\x00h\x04eK\x06]\x94(K\x00h\x02eK\x07]\x94(K\x00h\x04eK\x08]\x94(K\x00h\x02eK\t]\x94(K\x00h\x04eK\n]\x94(K\x00h\x04eK\x0b]\x94(K\x00h\x04eK\x0c]\x94(K\x00\x8c\x012\x94eK\r]\x94(K\x00h\x02eK\x0e]\x94(K\x00h\x04eK\x0f]\x94(K\x00h\x04eK\x10]\x94(K\x00h\x04eK\x11]\x94(K\x00h\x0feK\x12]\x94(K\x00h\x04eK\x13]\x94(K\x00h\x0feK\x14]\x94(K\x00h\x04eK\x15]\x94(K\x00h\x04eK\x16]\x94(K\x00h\x04eK\x17]\x94(K\x02h\x0feK\x18]\x94(K\x00h\x02eu.'
DEBUG | 2024-04-15 13:27:31,347 | b'20262!\x80\x04\x95\xfb\x00\x00\x00\x00\x00\x00\x00}\x94(K\x01]\x94(K\x03\x8c\x011\x94eK\x02]\x94(K\x00\x8c\x010\x94eK\x03]\x94(K\x00h\x04eK\x04]\x94(K\x00h\x04eK\x05]\x94(K\x00h\x04eK\x06]\x94(K\x00h\x02eK\x07]\x94(K\x00h\x04eK\x08]\x94(K\x00h\x02eK\t]\x94(K\x00h\x04eK\n]\x94(K\x00h\x04eK\x0b]\x94(K\x00h\x04eK\x0c]\x94(K\x00\x8c\x012\x94eK\r]\x94(K\x00h\x02eK\x0e]\x94(K\x00h\x04eK\x0f]\x94(K\x00h\x04eK\x10]\x94(K\x00h\x04eK\x11]\x94(K\x00h\x0feK\x12]\x94(K\x00h\x04eK\x13]\x94(K\x00h\x0feK\x14]\x94(K\x00h\x04eK\x15]\x94(K\x00h\x04eK\x16]\x94(K\x00h\x04eK\x17]\x94(K\x02h\x0feK\x18]\x94(K\x00h\x02eu.'
DEBUG | 2024-04-15 13:27:34,192 | received: 20 from client
DEBUG | 2024-04-15 13:27:34,192 | b'20262!\x80\x04\x95\xfb\x00\x00\x00\x00\x00\x00\x00}\x94(K\x01]\x94(K\x02\x8c\x011\x94eK\x02]\x94(K\x00\x8c\x010\x94eK\x03]\x94(K\x00h\x04eK\x04]\x94(K\x00h\x04eK\x05]\x94(K\x00h\x04eK\x06]\x94(K\x00h\x02eK\x07]\x94(K\x00h\x04eK\x08]\x94(K\x00h\x02eK\t]\x94(K\x00h\x04eK\n]\x94(K\x00h\x04eK\x0b]\x94(K\x00h\x04eK\x0c]\x94(K\x00\x8c\x012\x94eK\r]\x94(K\x00h\x02eK\x0e]\x94(K\x00h\x04eK\x0f]\x94(K\x00h\x04eK\x10]\x94(K\x00h\x04eK\x11]\x94(K\x00h\x0feK\x12]\x94(K\x00h\x04eK\x13]\x94(K\x00h\x0feK\x14]\x94(K\x00h\x04eK\x15]\x94(K\x00h\x04eK\x16]\x94(K\x00h\x04eK\x17]\x94(K\x02h\x0feK\x18]\x94(K\x00h\x02eu.'
DEBUG | 2024-04-15 13:27:50,388 | received: 20 from client
DEBUG | 2024-04-15 13:27:50,389 | b'20262!\x80\x04\x95\xfb\x00\x00\x00\x00\x00\x00\x00}\x94(K\x01]\x94(K\x02\x8c\x011\x94eK\x02]\x94(K\x00\x8c\x010\x94eK\x03]\x94(K\x00h\x04eK\x04]\x94(K\x00h\x04eK\x05]\x94(K\x00h\x04eK\x06]\x94(K\x00h\x02eK\x07]\x94(K\x00h\x04eK\x08]\x94(K\x00h\x02eK\t]\x94(K\x00h\x04eK\n]\x94(K\x00h\x04eK\x0b]\x94(K\x00h\x04eK\x0c]\x94(K\x00\x8c\x012\x94eK\r]\x94(K\x00h\x02eK\x0e]\x94(K\x00h\x04eK\x0f]\x94(K\x00h\x04eK\x10]\x94(K\x00h\x04eK\x11]\x94(K\x00h\x0feK\x12]\x94(K\x00h\x04eK\x13]\x94(K\x00h\x0feK\x14]\x94(K\x00h\x04eK\x15]\x94(K\x00h\x04eK\x16]\x94(K\x00h\x04eK\x17]\x94(K\x01h\x0feK\x18]\x94(K\x00h\x02eu.'
DEBUG | 2024-04-15 13:28:20,546 | received: 20 from client
DEBUG | 2024-04-15 13:28:20,546 | b'20262!\x80\x04\x95\xfb\x00\x00\x00\x00\x00\x00\x00}\x94(K\x01]\x94(K\x02\x8c\x011\x94eK\x02]\x94(K\x00\x8c\x010\x94eK\x03]\x94(K\x00h\x04eK\x04]\x94(K\x00h\x04eK\x05]\x94(K\x00h\x04eK\x06]\x94(K\x00h\x02eK\x07]\x94(K\x00h\x04eK\x08]\x94(K\x00h\x02eK\t]\x94(K\x00h\x04eK\n]\x94(K\x00h\x04eK\x0b]\x94(K\x00h\x04eK\x0c]\x94(K\x00\x8c\x012\x94eK\r]\x94(K\x00h\x02eK\x0e]\x94(K\x00h\x04eK\x0f]\x94(K\x00h\x04eK\x10]\x94(K\x00h\x04eK\x11]\x94(K\x00h\x0feK\x12]\x94(K\x00h\x04eK\x13]\x94(K\x00h\x0feK\x14]\x94(K\x00h\x04eK\x15]\x94(K\x00h\x04eK\x16]\x94(K\x00h\x04eK\x17]\x94(K\x01h\x0feK\x18]\x94(K\x00h\x02eu.'
DEBUG | 2024-04-15 13:28:35,107 | received: 20 from client
DEBUG | 2024-04-15 13:28:35,107 | GAME OVER
DEBUG | 2024-04-15 13:28:35,108 | send function: 32
DEBUG | 2024-04-15 13:28:35,108 | send function: 32
DEBUG | 2024-04-15 13:30:04,083 | new client joined
DEBUG | 2024-04-15 13:30:04,083 | ('127.0.0.1', 53014)
DEBUG | 2024-04-15 13:30:06,542 | new client joined
DEBUG | 2024-04-15 13:30:06,542 | ('127.0.0.1', 53015)
DEBUG | 2024-04-15 13:30:06,542 | b'11262!\x80\x04\x95\xfb\x00\x00\x00\x00\x00\x00\x00}\x94(K\x01]\x94(K\x03\x8c\x011\x94eK\x02]\x94(K\x00\x8c\x010\x94eK\x03]\x94(K\x00h\x04eK\x04]\x94(K\x00h\x04eK\x05]\x94(K\x00h\x04eK\x06]\x94(K\x00h\x02eK\x07]\x94(K\x00h\x04eK\x08]\x94(K\x00h\x02eK\t]\x94(K\x00h\x04eK\n]\x94(K\x00h\x04eK\x0b]\x94(K\x00h\x04eK\x0c]\x94(K\x00\x8c\x012\x94eK\r]\x94(K\x00h\x02eK\x0e]\x94(K\x00h\x04eK\x0f]\x94(K\x00h\x04eK\x10]\x94(K\x00h\x04eK\x11]\x94(K\x00h\x0feK\x12]\x94(K\x00h\x04eK\x13]\x94(K\x00h\x0feK\x14]\x94(K\x00h\x04eK\x15]\x94(K\x00h\x04eK\x16]\x94(K\x00h\x04eK\x17]\x94(K\x02h\x0feK\x18]\x94(K\x00h\x02eu.'
DEBUG | 2024-04-15 13:30:06,542 | b'12262!\x80\x04\x95\xfb\x00\x00\x00\x00\x00\x00\x00}\x94(K\x01]\x94(K\x03\x8c\x011\x94eK\x02]\x94(K\x00\x8c\x010\x94eK\x03]\x94(K\x00h\x04eK\x04]\x94(K\x00h\x04eK\x05]\x94(K\x00h\x04eK\x06]\x94(K\x00h\x02eK\x07]\x94(K\x00h\x04eK\x08]\x94(K\x00h\x02eK\t]\x94(K\x00h\x04eK\n]\x94(K\x00h\x04eK\x0b]\x94(K\x00h\x04eK\x0c]\x94(K\x00\x8c\x012\x94eK\r]\x94(K\x00h\x02eK\x0e]\x94(K\x00h\x04eK\x0f]\x94(K\x00h\x04eK\x10]\x94(K\x00h\x04eK\x11]\x94(K\x00h\x0feK\x12]\x94(K\x00h\x04eK\x13]\x94(K\x00h\x0feK\x14]\x94(K\x00h\x04eK\x15]\x94(K\x00h\x04eK\x16]\x94(K\x00h\x04eK\x17]\x94(K\x02h\x0feK\x18]\x94(K\x00h\x02eu.'
DEBUG | 2024-04-15 13:30:06,542 | b'20262!\x80\x04\x95\xfb\x00\x00\x00\x00\x00\x00\x00}\x94(K\x01]\x94(K\x03\x8c\x011\x94eK\x02]\x94(K\x00\x8c\x010\x94eK\x03]\x94(K\x00h\x04eK\x04]\x94(K\x00h\x04eK\x05]\x94(K\x00h\x04eK\x06]\x94(K\x00h\x02eK\x07]\x94(K\x00h\x04eK\x08]\x94(K\x00h\x02eK\t]\x94(K\x00h\x04eK\n]\x94(K\x00h\x04eK\x0b]\x94(K\x00h\x04eK\x0c]\x94(K\x00\x8c\x012\x94eK\r]\x94(K\x00h\x02eK\x0e]\x94(K\x00h\x04eK\x0f]\x94(K\x00h\x04eK\x10]\x94(K\x00h\x04eK\x11]\x94(K\x00h\x0feK\x12]\x94(K\x00h\x04eK\x13]\x94(K\x00h\x0feK\x14]\x94(K\x00h\x04eK\x15]\x94(K\x00h\x04eK\x16]\x94(K\x00h\x04eK\x17]\x94(K\x02h\x0feK\x18]\x94(K\x00h\x02eu.'
DEBUG | 2024-04-15 13:30:10,215 | received: 20 from client
DEBUG | 2024-04-15 13:30:10,215 | b'20262!\x80\x04\x95\xfb\x00\x00\x00\x00\x00\x00\x00}\x94(K\x01]\x94(K\x02\x8c\x011\x94eK\x02]\x94(K\x00\x8c\x010\x94eK\x03]\x94(K\x00h\x04eK\x04]\x94(K\x00h\x04eK\x05]\x94(K\x00h\x04eK\x06]\x94(K\x00h\x02eK\x07]\x94(K\x00h\x04eK\x08]\x94(K\x00h\x02eK\t]\x94(K\x00h\x04eK\n]\x94(K\x00h\x04eK\x0b]\x94(K\x00h\x04eK\x0c]\x94(K\x00\x8c\x012\x94eK\r]\x94(K\x00h\x02eK\x0e]\x94(K\x00h\x04eK\x0f]\x94(K\x00h\x04eK\x10]\x94(K\x00h\x04eK\x11]\x94(K\x00h\x0feK\x12]\x94(K\x00h\x04eK\x13]\x94(K\x00h\x0feK\x14]\x94(K\x00h\x04eK\x15]\x94(K\x00h\x04eK\x16]\x94(K\x00h\x04eK\x17]\x94(K\x02h\x0feK\x18]\x94(K\x00h\x02eu.'
DEBUG | 2024-04-15 13:30:24,904 | new client joined
DEBUG | 2024-04-15 13:30:24,904 | ('127.0.0.1', 53016)
DEBUG | 2024-04-15 13:30:27,347 | new client joined
DEBUG | 2024-04-15 13:30:27,347 | ('127.0.0.1', 53017)
DEBUG | 2024-04-15 13:30:27,349 | b'11262!\x80\x04\x95\xfb\x00\x00\x00\x00\x00\x00\x00}\x94(K\x01]\x94(K\x03\x8c\x011\x94eK\x02]\x94(K\x00\x8c\x010\x94eK\x03]\x94(K\x00h\x04eK\x04]\x94(K\x00h\x04eK\x05]\x94(K\x00h\x04eK\x06]\x94(K\x00h\x02eK\x07]\x94(K\x00h\x04eK\x08]\x94(K\x00h\x02eK\t]\x94(K\x00h\x04eK\n]\x94(K\x00h\x04eK\x0b]\x94(K\x00h\x04eK\x0c]\x94(K\x00\x8c\x012\x94eK\r]\x94(K\x00h\x02eK\x0e]\x94(K\x00h\x04eK\x0f]\x94(K\x00h\x04eK\x10]\x94(K\x00h\x04eK\x11]\x94(K\x00h\x0feK\x12]\x94(K\x00h\x04eK\x13]\x94(K\x00h\x0feK\x14]\x94(K\x00h\x04eK\x15]\x94(K\x00h\x04eK\x16]\x94(K\x00h\x04eK\x17]\x94(K\x02h\x0feK\x18]\x94(K\x00h\x02eu.'
DEBUG | 2024-04-15 13:30:27,349 | b'12262!\x80\x04\x95\xfb\x00\x00\x00\x00\x00\x00\x00}\x94(K\x01]\x94(K\x03\x8c\x011\x94eK\x02]\x94(K\x00\x8c\x010\x94eK\x03]\x94(K\x00h\x04eK\x04]\x94(K\x00h\x04eK\x05]\x94(K\x00h\x04eK\x06]\x94(K\x00h\x02eK\x07]\x94(K\x00h\x04eK\x08]\x94(K\x00h\x02eK\t]\x94(K\x00h\x04eK\n]\x94(K\x00h\x04eK\x0b]\x94(K\x00h\x04eK\x0c]\x94(K\x00\x8c\x012\x94eK\r]\x94(K\x00h\x02eK\x0e]\x94(K\x00h\x04eK\x0f]\x94(K\x00h\x04eK\x10]\x94(K\x00h\x04eK\x11]\x94(K\x00h\x0feK\x12]\x94(K\x00h\x04eK\x13]\x94(K\x00h\x0feK\x14]\x94(K\x00h\x04eK\x15]\x94(K\x00h\x04eK\x16]\x94(K\x00h\x04eK\x17]\x94(K\x02h\x0feK\x18]\x94(K\x00h\x02eu.'
DEBUG | 2024-04-15 13:30:27,349 | b'20262!\x80\x04\x95\xfb\x00\x00\x00\x00\x00\x00\x00}\x94(K\x01]\x94(K\x03\x8c\x011\x94eK\x02]\x94(K\x00\x8c\x010\x94eK\x03]\x94(K\x00h\x04eK\x04]\x94(K\x00h\x04eK\x05]\x94(K\x00h\x04eK\x06]\x94(K\x00h\x02eK\x07]\x94(K\x00h\x04eK\x08]\x94(K\x00h\x02eK\t]\x94(K\x00h\x04eK\n]\x94(K\x00h\x04eK\x0b]\x94(K\x00h\x04eK\x0c]\x94(K\x00\x8c\x012\x94eK\r]\x94(K\x00h\x02eK\x0e]\x94(K\x00h\x04eK\x0f]\x94(K\x00h\x04eK\x10]\x94(K\x00h\x04eK\x11]\x94(K\x00h\x0feK\x12]\x94(K\x00h\x04eK\x13]\x94(K\x00h\x0feK\x14]\x94(K\x00h\x04eK\x15]\x94(K\x00h\x04eK\x16]\x94(K\x00h\x04eK\x17]\x94(K\x02h\x0feK\x18]\x94(K\x00h\x02eu.'
DEBUG | 2024-04-15 13:30:30,506 | received: 20 from client1
DEBUG | 2024-04-15 13:30:30,506 | b'20262!\x80\x04\x95\xfb\x00\x00\x00\x00\x00\x00\x00}\x94(K\x01]\x94(K\x02\x8c\x011\x94eK\x02]\x94(K\x00\x8c\x010\x94eK\x03]\x94(K\x00h\x04eK\x04]\x94(K\x00h\x04eK\x05]\x94(K\x00h\x04eK\x06]\x94(K\x00h\x02eK\x07]\x94(K\x00h\x04eK\x08]\x94(K\x00h\x02eK\t]\x94(K\x00h\x04eK\n]\x94(K\x00h\x04eK\x0b]\x94(K\x00h\x04eK\x0c]\x94(K\x00\x8c\x012\x94eK\r]\x94(K\x00h\x02eK\x0e]\x94(K\x00h\x04eK\x0f]\x94(K\x00h\x04eK\x10]\x94(K\x00h\x04eK\x11]\x94(K\x00h\x0feK\x12]\x94(K\x00h\x04eK\x13]\x94(K\x00h\x0feK\x14]\x94(K\x00h\x04eK\x15]\x94(K\x00h\x04eK\x16]\x94(K\x00h\x04eK\x17]\x94(K\x02h\x0feK\x18]\x94(K\x00h\x02eu.'
DEBUG | 2024-04-15 13:30:50,010 | received: -1 from client1
DEBUG | 2024-04-15 13:30:50,010 | An error occurred: 'str' object has no attribute 'keys'
DEBUG | 2024-04-15 13:30:50,649 | new client joined
DEBUG | 2024-04-15 13:30:50,649 | ('127.0.0.1', 53019)
DEBUG | 2024-04-15 13:31:03,524 | new client joined
DEBUG | 2024-04-15 13:31:03,524 | ('127.0.0.1', 53020)
DEBUG | 2024-04-15 13:31:03,524 | b'11262!\x80\x04\x95\xfb\x00\x00\x00\x00\x00\x00\x00}\x94(K\x01]\x94(K\x03\x8c\x011\x94eK\x02]\x94(K\x00\x8c\x010\x94eK\x03]\x94(K\x00h\x04eK\x04]\x94(K\x00h\x04eK\x05]\x94(K\x00h\x04eK\x06]\x94(K\x00h\x02eK\x07]\x94(K\x00h\x04eK\x08]\x94(K\x00h\x02eK\t]\x94(K\x00h\x04eK\n]\x94(K\x00h\x04eK\x0b]\x94(K\x00h\x04eK\x0c]\x94(K\x00\x8c\x012\x94eK\r]\x94(K\x00h\x02eK\x0e]\x94(K\x00h\x04eK\x0f]\x94(K\x00h\x04eK\x10]\x94(K\x00h\x04eK\x11]\x94(K\x00h\x0feK\x12]\x94(K\x00h\x04eK\x13]\x94(K\x00h\x0feK\x14]\x94(K\x00h\x04eK\x15]\x94(K\x00h\x04eK\x16]\x94(K\x00h\x04eK\x17]\x94(K\x02h\x0feK\x18]\x94(K\x00h\x02eu.'
DEBUG | 2024-04-15 13:31:03,524 | b'12262!\x80\x04\x95\xfb\x00\x00\x00\x00\x00\x00\x00}\x94(K\x01]\x94(K\x03\x8c\x011\x94eK\x02]\x94(K\x00\x8c\x010\x94eK\x03]\x94(K\x00h\x04eK\x04]\x94(K\x00h\x04eK\x05]\x94(K\x00h\x04eK\x06]\x94(K\x00h\x02eK\x07]\x94(K\x00h\x04eK\x08]\x94(K\x00h\x02eK\t]\x94(K\x00h\x04eK\n]\x94(K\x00h\x04eK\x0b]\x94(K\x00h\x04eK\x0c]\x94(K\x00\x8c\x012\x94eK\r]\x94(K\x00h\x02eK\x0e]\x94(K\x00h\x04eK\x0f]\x94(K\x00h\x04eK\x10]\x94(K\x00h\x04eK\x11]\x94(K\x00h\x0feK\x12]\x94(K\x00h\x04eK\x13]\x94(K\x00h\x0feK\x14]\x94(K\x00h\x04eK\x15]\x94(K\x00h\x04eK\x16]\x94(K\x00h\x04eK\x17]\x94(K\x02h\x0feK\x18]\x94(K\x00h\x02eu.'
DEBUG | 2024-04-15 13:31:03,524 | Socket error occurred: [WinError 10053] An established connection was aborted by the software in your host machine
DEBUG | 2024-04-15 13:31:03,525 | GAME OVER
DEBUG | 2024-04-15 13:31:03,525 | 2
DEBUG | 2024-04-15 13:31:03,525 | socket is close
DEBUG | 2024-04-15 13:31:05,679 | new client joined
DEBUG | 2024-04-15 13:31:05,679 | ('127.0.0.1', 53021)
DEBUG | 2024-04-15 13:32:40,428 | new client joined
DEBUG | 2024-04-15 13:32:40,428 | ('127.0.0.1', 53142)
DEBUG | 2024-04-15 13:32:48,067 | new client joined
DEBUG | 2024-04-15 13:32:48,068 | ('127.0.0.1', 53143)
DEBUG | 2024-04-15 13:32:48,068 | b'11262!\x80\x04\x95\xfb\x00\x00\x00\x00\x00\x00\x00}\x94(K\x01]\x94(K\x03\x8c\x011\x94eK\x02]\x94(K\x00\x8c\x010\x94eK\x03]\x94(K\x00h\x04eK\x04]\x94(K\x00h\x04eK\x05]\x94(K\x00h\x04eK\x06]\x94(K\x00h\x02eK\x07]\x94(K\x00h\x04eK\x08]\x94(K\x00h\x02eK\t]\x94(K\x00h\x04eK\n]\x94(K\x00h\x04eK\x0b]\x94(K\x00h\x04eK\x0c]\x94(K\x00\x8c\x012\x94eK\r]\x94(K\x00h\x02eK\x0e]\x94(K\x00h\x04eK\x0f]\x94(K\x00h\x04eK\x10]\x94(K\x00h\x04eK\x11]\x94(K\x00h\x0feK\x12]\x94(K\x00h\x04eK\x13]\x94(K\x00h\x0feK\x14]\x94(K\x00h\x04eK\x15]\x94(K\x00h\x04eK\x16]\x94(K\x00h\x04eK\x17]\x94(K\x02h\x0feK\x18]\x94(K\x00h\x02eu.'
DEBUG | 2024-04-15 13:32:48,068 | b'12262!\x80\x04\x95\xfb\x00\x00\x00\x00\x00\x00\x00}\x94(K\x01]\x94(K\x03\x8c\x011\x94eK\x02]\x94(K\x00\x8c\x010\x94eK\x03]\x94(K\x00h\x04eK\x04]\x94(K\x00h\x04eK\x05]\x94(K\x00h\x04eK\x06]\x94(K\x00h\x02eK\x07]\x94(K\x00h\x04eK\x08]\x94(K\x00h\x02eK\t]\x94(K\x00h\x04eK\n]\x94(K\x00h\x04eK\x0b]\x94(K\x00h\x04eK\x0c]\x94(K\x00\x8c\x012\x94eK\r]\x94(K\x00h\x02eK\x0e]\x94(K\x00h\x04eK\x0f]\x94(K\x00h\x04eK\x10]\x94(K\x00h\x04eK\x11]\x94(K\x00h\x0feK\x12]\x94(K\x00h\x04eK\x13]\x94(K\x00h\x0feK\x14]\x94(K\x00h\x04eK\x15]\x94(K\x00h\x04eK\x16]\x94(K\x00h\x04eK\x17]\x94(K\x02h\x0feK\x18]\x94(K\x00h\x02eu.'
DEBUG | 2024-04-15 13:32:48,068 | b'20262!\x80\x04\x95\xfb\x00\x00\x00\x00\x00\x00\x00}\x94(K\x01]\x94(K\x03\x8c\x011\x94eK\x02]\x94(K\x00\x8c\x010\x94eK\x03]\x94(K\x00h\x04eK\x04]\x94(K\x00h\x04eK\x05]\x94(K\x00h\x04eK\x06]\x94(K\x00h\x02eK\x07]\x94(K\x00h\x04eK\x08]\x94(K\x00h\x02eK\t]\x94(K\x00h\x04eK\n]\x94(K\x00h\x04eK\x0b]\x94(K\x00h\x04eK\x0c]\x94(K\x00\x8c\x012\x94eK\r]\x94(K\x00h\x02eK\x0e]\x94(K\x00h\x04eK\x0f]\x94(K\x00h\x04eK\x10]\x94(K\x00h\x04eK\x11]\x94(K\x00h\x0feK\x12]\x94(K\x00h\x04eK\x13]\x94(K\x00h\x0feK\x14]\x94(K\x00h\x04eK\x15]\x94(K\x00h\x04eK\x16]\x94(K\x00h\x04eK\x17]\x94(K\x02h\x0feK\x18]\x94(K\x00h\x02eu.'
DEBUG | 2024-04-15 13:32:57,625 | received: 20 from client 1
DEBUG | 2024-04-15 13:32:57,625 | b'20262!\x80\x04\x95\xfb\x00\x00\x00\x00\x00\x00\x00}\x94(K\x01]\x94(K\x02\x8c\x011\x94eK\x02]\x94(K\x00\x8c\x010\x94eK\x03]\x94(K\x00h\x04eK\x04]\x94(K\x00h\x04eK\x05]\x94(K\x00h\x04eK\x06]\x94(K\x00h\x02eK\x07]\x94(K\x00h\x04eK\x08]\x94(K\x00h\x02eK\t]\x94(K\x00h\x04eK\n]\x94(K\x00h\x04eK\x0b]\x94(K\x00h\x04eK\x0c]\x94(K\x00\x8c\x012\x94eK\r]\x94(K\x00h\x02eK\x0e]\x94(K\x00h\x04eK\x0f]\x94(K\x00h\x04eK\x10]\x94(K\x00h\x04eK\x11]\x94(K\x00h\x0feK\x12]\x94(K\x00h\x04eK\x13]\x94(K\x00h\x0feK\x14]\x94(K\x00h\x04eK\x15]\x94(K\x00h\x04eK\x16]\x94(K\x00h\x04eK\x17]\x94(K\x02h\x0feK\x18]\x94(K\x00h\x02eu.'
DEBUG | 2024-04-15 13:32:57,626 | Socket error occurred: [WinError 10053] An established connection was aborted by the software in your host machine
DEBUG | 2024-04-15 13:32:57,626 | GAME OVER
DEBUG | 2024-04-15 13:32:57,626 | 2
DEBUG | 2024-04-15 13:32:57,626 | send function: 30
DEBUG | 2024-04-15 13:33:36,864 | new client joined
DEBUG | 2024-04-15 13:33:36,865 | ('127.0.0.1', 53149)
DEBUG | 2024-04-15 13:33:40,250 | new client joined
DEBUG | 2024-04-15 13:33:40,251 | ('127.0.0.1', 53150)
DEBUG | 2024-04-15 13:33:40,251 | b'11262!\x80\x04\x95\xfb\x00\x00\x00\x00\x00\x00\x00}\x94(K\x01]\x94(K\x03\x8c\x011\x94eK\x02]\x94(K\x00\x8c\x010\x94eK\x03]\x94(K\x00h\x04eK\x04]\x94(K\x00h\x04eK\x05]\x94(K\x00h\x04eK\x06]\x94(K\x00h\x02eK\x07]\x94(K\x00h\x04eK\x08]\x94(K\x00h\x02eK\t]\x94(K\x00h\x04eK\n]\x94(K\x00h\x04eK\x0b]\x94(K\x00h\x04eK\x0c]\x94(K\x00\x8c\x012\x94eK\r]\x94(K\x00h\x02eK\x0e]\x94(K\x00h\x04eK\x0f]\x94(K\x00h\x04eK\x10]\x94(K\x00h\x04eK\x11]\x94(K\x00h\x0feK\x12]\x94(K\x00h\x04eK\x13]\x94(K\x00h\x0feK\x14]\x94(K\x00h\x04eK\x15]\x94(K\x00h\x04eK\x16]\x94(K\x00h\x04eK\x17]\x94(K\x02h\x0feK\x18]\x94(K\x00h\x02eu.'
DEBUG | 2024-04-15 13:33:40,251 | b'12262!\x80\x04\x95\xfb\x00\x00\x00\x00\x00\x00\x00}\x94(K\x01]\x94(K\x03\x8c\x011\x94eK\x02]\x94(K\x00\x8c\x010\x94eK\x03]\x94(K\x00h\x04eK\x04]\x94(K\x00h\x04eK\x05]\x94(K\x00h\x04eK\x06]\x94(K\x00h\x02eK\x07]\x94(K\x00h\x04eK\x08]\x94(K\x00h\x02eK\t]\x94(K\x00h\x04eK\n]\x94(K\x00h\x04eK\x0b]\x94(K\x00h\x04eK\x0c]\x94(K\x00\x8c\x012\x94eK\r]\x94(K\x00h\x02eK\x0e]\x94(K\x00h\x04eK\x0f]\x94(K\x00h\x04eK\x10]\x94(K\x00h\x04eK\x11]\x94(K\x00h\x0feK\x12]\x94(K\x00h\x04eK\x13]\x94(K\x00h\x0feK\x14]\x94(K\x00h\x04eK\x15]\x94(K\x00h\x04eK\x16]\x94(K\x00h\x04eK\x17]\x94(K\x02h\x0feK\x18]\x94(K\x00h\x02eu.'
DEBUG | 2024-04-15 13:33:40,251 | b'20262!\x80\x04\x95\xfb\x00\x00\x00\x00\x00\x00\x00}\x94(K\x01]\x94(K\x03\x8c\x011\x94eK\x02]\x94(K\x00\x8c\x010\x94eK\x03]\x94(K\x00h\x04eK\x04]\x94(K\x00h\x04eK\x05]\x94(K\x00h\x04eK\x06]\x94(K\x00h\x02eK\x07]\x94(K\x00h\x04eK\x08]\x94(K\x00h\x02eK\t]\x94(K\x00h\x04eK\n]\x94(K\x00h\x04eK\x0b]\x94(K\x00h\x04eK\x0c]\x94(K\x00\x8c\x012\x94eK\r]\x94(K\x00h\x02eK\x0e]\x94(K\x00h\x04eK\x0f]\x94(K\x00h\x04eK\x10]\x94(K\x00h\x04eK\x11]\x94(K\x00h\x0feK\x12]\x94(K\x00h\x04eK\x13]\x94(K\x00h\x0feK\x14]\x94(K\x00h\x04eK\x15]\x94(K\x00h\x04eK\x16]\x94(K\x00h\x04eK\x17]\x94(K\x02h\x0feK\x18]\x94(K\x00h\x02eu.'
DEBUG | 2024-04-15 13:33:44,293 | received: 20 from client 1
DEBUG | 2024-04-15 13:33:44,294 | b'20262!\x80\x04\x95\xfb\x00\x00\x00\x00\x00\x00\x00}\x94(K\x01]\x94(K\x02\x8c\x011\x94eK\x02]\x94(K\x00\x8c\x010\x94eK\x03]\x94(K\x00h\x04eK\x04]\x94(K\x00h\x04eK\x05]\x94(K\x00h\x04eK\x06]\x94(K\x00h\x02eK\x07]\x94(K\x00h\x04eK\x08]\x94(K\x00h\x02eK\t]\x94(K\x00h\x04eK\n]\x94(K\x00h\x04eK\x0b]\x94(K\x00h\x04eK\x0c]\x94(K\x00\x8c\x012\x94eK\r]\x94(K\x00h\x02eK\x0e]\x94(K\x00h\x04eK\x0f]\x94(K\x00h\x04eK\x10]\x94(K\x00h\x04eK\x11]\x94(K\x00h\x0feK\x12]\x94(K\x00h\x04eK\x13]\x94(K\x00h\x0feK\x14]\x94(K\x00h\x04eK\x15]\x94(K\x00h\x04eK\x16]\x94(K\x00h\x04eK\x17]\x94(K\x02h\x0feK\x18]\x94(K\x00h\x02eu.'
DEBUG | 2024-04-15 13:33:46,867 | received: 20 from client 1
DEBUG | 2024-04-15 13:33:46,867 | b'20262!\x80\x04\x95\xfb\x00\x00\x00\x00\x00\x00\x00}\x94(K\x01]\x94(K\x02\x8c\x011\x94eK\x02]\x94(K\x00\x8c\x010\x94eK\x03]\x94(K\x00h\x04eK\x04]\x94(K\x00h\x04eK\x05]\x94(K\x00h\x04eK\x06]\x94(K\x00h\x02eK\x07]\x94(K\x00h\x04eK\x08]\x94(K\x00h\x02eK\t]\x94(K\x00h\x04eK\n]\x94(K\x00h\x04eK\x0b]\x94(K\x00h\x04eK\x0c]\x94(K\x00\x8c\x012\x94eK\r]\x94(K\x00h\x02eK\x0e]\x94(K\x00h\x04eK\x0f]\x94(K\x00h\x04eK\x10]\x94(K\x00h\x04eK\x11]\x94(K\x00h\x0feK\x12]\x94(K\x00h\x04eK\x13]\x94(K\x00h\x0feK\x14]\x94(K\x00h\x04eK\x15]\x94(K\x00h\x04eK\x16]\x94(K\x00h\x04eK\x17]\x94(K\x01h\x0feK\x18]\x94(K\x00h\x02eu.'
DEBUG | 2024-04-15 13:33:48,979 | received: 20 from client 2
DEBUG | 2024-04-15 13:33:48,980 | b'20262!\x80\x04\x95\xfb\x00\x00\x00\x00\x00\x00\x00}\x94(K\x01]\x94(K\x01\x8c\x011\x94eK\x02]\x94(K\x00\x8c\x010\x94eK\x03]\x94(K\x00h\x04eK\x04]\x94(K\x00h\x04eK\x05]\x94(K\x00h\x04eK\x06]\x94(K\x00h\x02eK\x07]\x94(K\x00h\x04eK\x08]\x94(K\x00h\x02eK\t]\x94(K\x00h\x04eK\n]\x94(K\x00h\x04eK\x0b]\x94(K\x00h\x04eK\x0c]\x94(K\x00\x8c\x012\x94eK\r]\x94(K\x00h\x02eK\x0e]\x94(K\x00h\x04eK\x0f]\x94(K\x00h\x04eK\x10]\x94(K\x00h\x04eK\x11]\x94(K\x00h\x0feK\x12]\x94(K\x00h\x04eK\x13]\x94(K\x00h\x0feK\x14]\x94(K\x00h\x04eK\x15]\x94(K\x00h\x04eK\x16]\x94(K\x00h\x04eK\x17]\x94(K\x01h\x0feK\x18]\x94(K\x00h\x02eu.'
DEBUG | 2024-04-15 13:33:52,950 | received: 20 from client 1
DEBUG | 2024-04-15 13:33:52,950 | GAME OVER
DEBUG | 2024-04-15 13:33:52,950 | send function: 32
DEBUG | 2024-04-15 13:33:52,950 | send function: 32
